<?xml version="1.0" encoding="utf-8" standalone="no"?>
<test-results xmlns:xsi="http://www.w3.org/2001/XMLSchema-instance" xsi:noNamespaceSchemaLocation="nunit_schema_2.5.xsd" name="Pester" total="658" errors="0" failures="632" not-run="0" inconclusive="0" ignored="0" skipped="0" invalid="0" date="2025-07-06" time="12:23:42">
  <environment clr-version="4.0.30319.42000" user-domain="mylab" cwd="C:\temp\Find-UnknownSID\Tests" platform="Microsoft Windows Server 2022 Standard Evaluation|C:\Windows|\Device\Harddisk0\Partition3" machine-name="WIN-5CFD2T5K7AL" nunit-version="2.5.8.0" os-version="10.0.20348" user="administrator" />
  <culture-info current-culture="en-US" current-uiculture="en-US" />
  <test-suite type="TestFixture" name="Pester" executed="True" result="Failure" success="False" time="29.6518" asserts="0" description="Pester">
    <results>
      <test-suite type="TestFixture" name="C:\temp\Find-UnknownSID\Tests\Unit\ACL.Tests.ps1" executed="True" result="Failure" success="False" time="0.4738" asserts="0" description="C:\temp\Find-UnknownSID\Tests\Unit\ACL.Tests.ps1">
        <results>
          <test-suite type="TestFixture" name="Get-ACLForRemoval" executed="True" result="Failure" success="False" time="0" asserts="0" description="Get-ACLForRemoval">
            <results>
              <test-suite type="TestFixture" name="Get-ACLForRemoval.Parameter Validation" executed="True" result="Failure" success="False" time="0" asserts="0" description="Get-ACLForRemoval.Parameter Validation">
                <results>
                  <test-case description="Should validate mandatory Path parameter" name="Get-ACLForRemoval.Parameter Validation.Should validate mandatory Path parameter" time="0" asserts="0" success="False" result="Failure" executed="True">
                    <failure>
                      <message>This test should run but it did not. Most likely a setup in some parent block failed.</message>
                      <stack-trace />
                    </failure>
                  </test-case>
                  <test-case description="Should validate SID parameter format" name="Get-ACLForRemoval.Parameter Validation.Should validate SID parameter format" time="0" asserts="0" success="False" result="Failure" executed="True">
                    <failure>
                      <message>This test should run but it did not. Most likely a setup in some parent block failed.</message>
                      <stack-trace />
                    </failure>
                  </test-case>
                  <test-suite type="ParameterizedTest" name="Get-ACLForRemoval.Parameter Validation.Should accept valid SID formats" executed="True" result="Failure" success="False" time="0" asserts="0" description="Should accept valid SID formats">
                    <results>
                      <test-case description="Should accept valid SID formats" name="Get-ACLForRemoval.Parameter Validation.Should accept valid SID formats(&quot;S-1-5-21-1234567890-1234567890-1234567890-1001&quot;)" time="0" asserts="0" success="False" result="Failure" executed="True">
                        <failure>
                          <message>This test should run but it did not. Most likely a setup in some parent block failed.</message>
                          <stack-trace />
                        </failure>
                      </test-case>
                      <test-case description="Should accept valid SID formats" name="Get-ACLForRemoval.Parameter Validation.Should accept valid SID formats(&quot;S-1-5-32-544&quot;)" time="0" asserts="0" success="False" result="Failure" executed="True">
                        <failure>
                          <message>This test should run but it did not. Most likely a setup in some parent block failed.</message>
                          <stack-trace />
                        </failure>
                      </test-case>
                      <test-case description="Should accept valid SID formats" name="Get-ACLForRemoval.Parameter Validation.Should accept valid SID formats(&quot;S-1-1-0&quot;)" time="0" asserts="0" success="False" result="Failure" executed="True">
                        <failure>
                          <message>This test should run but it did not. Most likely a setup in some parent block failed.</message>
                          <stack-trace />
                        </failure>
                      </test-case>
                    </results>
                  </test-suite>
                </results>
              </test-suite>
              <test-suite type="TestFixture" name="Get-ACLForRemoval.ACL Retrieval Operations" executed="True" result="Failure" success="False" time="0" asserts="0" description="Get-ACLForRemoval.ACL Retrieval Operations">
                <results>
                  <test-case description="Should retrieve ACL for valid path" name="Get-ACLForRemoval.ACL Retrieval Operations.Should retrieve ACL for valid path" time="0" asserts="0" success="False" result="Failure" executed="True">
                    <failure>
                      <message>This test should run but it did not. Most likely a setup in some parent block failed.</message>
                      <stack-trace />
                    </failure>
                  </test-case>
                  <test-case description="Should handle file paths correctly" name="Get-ACLForRemoval.ACL Retrieval Operations.Should handle file paths correctly" time="0" asserts="0" success="False" result="Failure" executed="True">
                    <failure>
                      <message>This test should run but it did not. Most likely a setup in some parent block failed.</message>
                      <stack-trace />
                    </failure>
                  </test-case>
                  <test-case description="Should filter ACL entries by SID when specified" name="Get-ACLForRemoval.ACL Retrieval Operations.Should filter ACL entries by SID when specified" time="0" asserts="0" success="False" result="Failure" executed="True">
                    <failure>
                      <message>This test should run but it did not. Most likely a setup in some parent block failed.</message>
                      <stack-trace />
                    </failure>
                  </test-case>
                </results>
              </test-suite>
              <test-suite type="TestFixture" name="Get-ACLForRemoval.Error Handling" executed="True" result="Failure" success="False" time="0" asserts="0" description="Get-ACLForRemoval.Error Handling">
                <results>
                  <test-case description="Should handle non-existent paths gracefully" name="Get-ACLForRemoval.Error Handling.Should handle non-existent paths gracefully" time="0" asserts="0" success="False" result="Failure" executed="True">
                    <failure>
                      <message>This test should run but it did not. Most likely a setup in some parent block failed.</message>
                      <stack-trace />
                    </failure>
                  </test-case>
                  <test-case description="Should handle ACL access denied scenarios" name="Get-ACLForRemoval.Error Handling.Should handle ACL access denied scenarios" time="0" asserts="0" success="False" result="Failure" executed="True">
                    <failure>
                      <message>This test should run but it did not. Most likely a setup in some parent block failed.</message>
                      <stack-trace />
                    </failure>
                  </test-case>
                  <test-case description="Should log errors with correlation ID" name="Get-ACLForRemoval.Error Handling.Should log errors with correlation ID" time="0" asserts="0" success="False" result="Failure" executed="True">
                    <failure>
                      <message>This test should run but it did not. Most likely a setup in some parent block failed.</message>
                      <stack-trace />
                    </failure>
                  </test-case>
                </results>
              </test-suite>
              <test-suite type="TestFixture" name="Get-ACLForRemoval.Security Validation" executed="True" result="Failure" success="False" time="0" asserts="0" description="Get-ACLForRemoval.Security Validation">
                <results>
                  <test-case description="Should validate path traversal attempts" name="Get-ACLForRemoval.Security Validation.Should validate path traversal attempts" time="0" asserts="0" success="False" result="Failure" executed="True">
                    <failure>
                      <message>This test should run but it did not. Most likely a setup in some parent block failed.</message>
                      <stack-trace />
                    </failure>
                  </test-case>
                  <test-case description="Should sanitize UNC paths appropriately" name="Get-ACLForRemoval.Security Validation.Should sanitize UNC paths appropriately" time="0" asserts="0" success="False" result="Failure" executed="True">
                    <failure>
                      <message>This test should run but it did not. Most likely a setup in some parent block failed.</message>
                      <stack-trace />
                    </failure>
                  </test-case>
                </results>
              </test-suite>
            </results>
          </test-suite>
          <test-suite type="TestFixture" name="Invoke-SIDRemoval" executed="True" result="Failure" success="False" time="0" asserts="0" description="Invoke-SIDRemoval">
            <results>
              <test-suite type="TestFixture" name="Invoke-SIDRemoval.Parameter Validation" executed="True" result="Failure" success="False" time="0" asserts="0" description="Invoke-SIDRemoval.Parameter Validation">
                <results>
                  <test-case description="Should validate mandatory ACL parameter" name="Invoke-SIDRemoval.Parameter Validation.Should validate mandatory ACL parameter" time="0" asserts="0" success="False" result="Failure" executed="True">
                    <failure>
                      <message>This test should run but it did not. Most likely a setup in some parent block failed.</message>
                      <stack-trace />
                    </failure>
                  </test-case>
                  <test-case description="Should validate SID parameter format" name="Invoke-SIDRemoval.Parameter Validation.Should validate SID parameter format" time="0" asserts="0" success="False" result="Failure" executed="True">
                    <failure>
                      <message>This test should run but it did not. Most likely a setup in some parent block failed.</message>
                      <stack-trace />
                    </failure>
                  </test-case>
                  <test-case description="Should accept dry run parameter" name="Invoke-SIDRemoval.Parameter Validation.Should accept dry run parameter" time="0" asserts="0" success="False" result="Failure" executed="True">
                    <failure>
                      <message>This test should run but it did not. Most likely a setup in some parent block failed.</message>
                      <stack-trace />
                    </failure>
                  </test-case>
                </results>
              </test-suite>
              <test-suite type="TestFixture" name="Invoke-SIDRemoval.SID Removal Operations" executed="True" result="Failure" success="False" time="0" asserts="0" description="Invoke-SIDRemoval.SID Removal Operations">
                <results>
                  <test-case description="Should identify target SID in ACL entries" name="Invoke-SIDRemoval.SID Removal Operations.Should identify target SID in ACL entries" time="0" asserts="0" success="False" result="Failure" executed="True">
                    <failure>
                      <message>This test should run but it did not. Most likely a setup in some parent block failed.</message>
                      <stack-trace />
                    </failure>
                  </test-case>
                  <test-case description="Should perform dry run without modifications" name="Invoke-SIDRemoval.SID Removal Operations.Should perform dry run without modifications" time="0" asserts="0" success="False" result="Failure" executed="True">
                    <failure>
                      <message>This test should run but it did not. Most likely a setup in some parent block failed.</message>
                      <stack-trace />
                    </failure>
                  </test-case>
                  <test-case description="Should remove matching SID entries when not dry run" name="Invoke-SIDRemoval.SID Removal Operations.Should remove matching SID entries when not dry run" time="0" asserts="0" success="False" result="Failure" executed="True">
                    <failure>
                      <message>This test should run but it did not. Most likely a setup in some parent block failed.</message>
                      <stack-trace />
                    </failure>
                  </test-case>
                  <test-case description="Should preserve non-matching SID entries" name="Invoke-SIDRemoval.SID Removal Operations.Should preserve non-matching SID entries" time="0" asserts="0" success="False" result="Failure" executed="True">
                    <failure>
                      <message>This test should run but it did not. Most likely a setup in some parent block failed.</message>
                      <stack-trace />
                    </failure>
                  </test-case>
                </results>
              </test-suite>
              <test-suite type="TestFixture" name="Invoke-SIDRemoval.Edge Cases and Error Handling" executed="True" result="Failure" success="False" time="0" asserts="0" description="Invoke-SIDRemoval.Edge Cases and Error Handling">
                <results>
                  <test-case description="Should handle ACL with no access entries" name="Invoke-SIDRemoval.Edge Cases and Error Handling.Should handle ACL with no access entries" time="0" asserts="0" success="False" result="Failure" executed="True">
                    <failure>
                      <message>This test should run but it did not. Most likely a setup in some parent block failed.</message>
                      <stack-trace />
                    </failure>
                  </test-case>
                  <test-case description="Should handle SID not found in ACL" name="Invoke-SIDRemoval.Edge Cases and Error Handling.Should handle SID not found in ACL" time="0" asserts="0" success="False" result="Failure" executed="True">
                    <failure>
                      <message>This test should run but it did not. Most likely a setup in some parent block failed.</message>
                      <stack-trace />
                    </failure>
                  </test-case>
                  <test-case description="Should handle ACL modification failures" name="Invoke-SIDRemoval.Edge Cases and Error Handling.Should handle ACL modification failures" time="0" asserts="0" success="False" result="Failure" executed="True">
                    <failure>
                      <message>This test should run but it did not. Most likely a setup in some parent block failed.</message>
                      <stack-trace />
                    </failure>
                  </test-case>
                </results>
              </test-suite>
              <test-suite type="TestFixture" name="Invoke-SIDRemoval.Audit and Logging" executed="True" result="Failure" success="False" time="0" asserts="0" description="Invoke-SIDRemoval.Audit and Logging">
                <results>
                  <test-case description="Should log removal operations with correlation ID" name="Invoke-SIDRemoval.Audit and Logging.Should log removal operations with correlation ID" time="0" asserts="0" success="False" result="Failure" executed="True">
                    <failure>
                      <message>This test should run but it did not. Most likely a setup in some parent block failed.</message>
                      <stack-trace />
                    </failure>
                  </test-case>
                  <test-case description="Should provide detailed operation results" name="Invoke-SIDRemoval.Audit and Logging.Should provide detailed operation results" time="0" asserts="0" success="False" result="Failure" executed="True">
                    <failure>
                      <message>This test should run but it did not. Most likely a setup in some parent block failed.</message>
                      <stack-trace />
                    </failure>
                  </test-case>
                </results>
              </test-suite>
            </results>
          </test-suite>
          <test-suite type="TestFixture" name="Set-ModifiedACL" executed="True" result="Failure" success="False" time="0" asserts="0" description="Set-ModifiedACL">
            <results>
              <test-suite type="TestFixture" name="Set-ModifiedACL.Parameter Validation" executed="True" result="Failure" success="False" time="0" asserts="0" description="Set-ModifiedACL.Parameter Validation">
                <results>
                  <test-case description="Should validate mandatory Path parameter" name="Set-ModifiedACL.Parameter Validation.Should validate mandatory Path parameter" time="0" asserts="0" success="False" result="Failure" executed="True">
                    <failure>
                      <message>This test should run but it did not. Most likely a setup in some parent block failed.</message>
                      <stack-trace />
                    </failure>
                  </test-case>
                  <test-case description="Should validate mandatory ACL parameter" name="Set-ModifiedACL.Parameter Validation.Should validate mandatory ACL parameter" time="0" asserts="0" success="False" result="Failure" executed="True">
                    <failure>
                      <message>This test should run but it did not. Most likely a setup in some parent block failed.</message>
                      <stack-trace />
                    </failure>
                  </test-case>
                  <test-case description="Should accept backup parameter" name="Set-ModifiedACL.Parameter Validation.Should accept backup parameter" time="0" asserts="0" success="False" result="Failure" executed="True">
                    <failure>
                      <message>This test should run but it did not. Most likely a setup in some parent block failed.</message>
                      <stack-trace />
                    </failure>
                  </test-case>
                </results>
              </test-suite>
              <test-suite type="TestFixture" name="Set-ModifiedACL.ACL Application Operations" executed="True" result="Failure" success="False" time="0" asserts="0" description="Set-ModifiedACL.ACL Application Operations">
                <results>
                  <test-case description="Should apply ACL to valid path" name="Set-ModifiedACL.ACL Application Operations.Should apply ACL to valid path" time="0" asserts="0" success="False" result="Failure" executed="True">
                    <failure>
                      <message>This test should run but it did not. Most likely a setup in some parent block failed.</message>
                      <stack-trace />
                    </failure>
                  </test-case>
                  <test-case description="Should verify path exists before applying ACL" name="Set-ModifiedACL.ACL Application Operations.Should verify path exists before applying ACL" time="0" asserts="0" success="False" result="Failure" executed="True">
                    <failure>
                      <message>This test should run but it did not. Most likely a setup in some parent block failed.</message>
                      <stack-trace />
                    </failure>
                  </test-case>
                  <test-case description="Should create backup when requested" name="Set-ModifiedACL.ACL Application Operations.Should create backup when requested" time="0" asserts="0" success="False" result="Failure" executed="True">
                    <failure>
                      <message>This test should run but it did not. Most likely a setup in some parent block failed.</message>
                      <stack-trace />
                    </failure>
                  </test-case>
                  <test-case description="Should validate ACL application success" name="Set-ModifiedACL.ACL Application Operations.Should validate ACL application success" time="0" asserts="0" success="False" result="Failure" executed="True">
                    <failure>
                      <message>This test should run but it did not. Most likely a setup in some parent block failed.</message>
                      <stack-trace />
                    </failure>
                  </test-case>
                </results>
              </test-suite>
              <test-suite type="TestFixture" name="Set-ModifiedACL.Error Handling and Recovery" executed="True" result="Failure" success="False" time="0" asserts="0" description="Set-ModifiedACL.Error Handling and Recovery">
                <results>
                  <test-case description="Should handle ACL application failures" name="Set-ModifiedACL.Error Handling and Recovery.Should handle ACL application failures" time="0" asserts="0" success="False" result="Failure" executed="True">
                    <failure>
                      <message>This test should run but it did not. Most likely a setup in some parent block failed.</message>
                      <stack-trace />
                    </failure>
                  </test-case>
                  <test-case description="Should handle backup creation failures gracefully" name="Set-ModifiedACL.Error Handling and Recovery.Should handle backup creation failures gracefully" time="0" asserts="0" success="False" result="Failure" executed="True">
                    <failure>
                      <message>This test should run but it did not. Most likely a setup in some parent block failed.</message>
                      <stack-trace />
                    </failure>
                  </test-case>
                  <test-case description="Should provide detailed error information" name="Set-ModifiedACL.Error Handling and Recovery.Should provide detailed error information" time="0" asserts="0" success="False" result="Failure" executed="True">
                    <failure>
                      <message>This test should run but it did not. Most likely a setup in some parent block failed.</message>
                      <stack-trace />
                    </failure>
                  </test-case>
                </results>
              </test-suite>
              <test-suite type="TestFixture" name="Set-ModifiedACL.Security and Validation" executed="True" result="Failure" success="False" time="0" asserts="0" description="Set-ModifiedACL.Security and Validation">
                <results>
                  <test-case description="Should validate path traversal attempts" name="Set-ModifiedACL.Security and Validation.Should validate path traversal attempts" time="0" asserts="0" success="False" result="Failure" executed="True">
                    <failure>
                      <message>This test should run but it did not. Most likely a setup in some parent block failed.</message>
                      <stack-trace />
                    </failure>
                  </test-case>
                  <test-case description="Should handle UNC paths appropriately" name="Set-ModifiedACL.Security and Validation.Should handle UNC paths appropriately" time="0" asserts="0" success="False" result="Failure" executed="True">
                    <failure>
                      <message>This test should run but it did not. Most likely a setup in some parent block failed.</message>
                      <stack-trace />
                    </failure>
                  </test-case>
                  <test-case description="Should log operations with correlation ID" name="Set-ModifiedACL.Security and Validation.Should log operations with correlation ID" time="0" asserts="0" success="False" result="Failure" executed="True">
                    <failure>
                      <message>This test should run but it did not. Most likely a setup in some parent block failed.</message>
                      <stack-trace />
                    </failure>
                  </test-case>
                </results>
              </test-suite>
              <test-suite type="TestFixture" name="Set-ModifiedACL.Performance and Monitoring" executed="True" result="Failure" success="False" time="0" asserts="0" description="Set-ModifiedACL.Performance and Monitoring">
                <results>
                  <test-case description="Should track operation timing" name="Set-ModifiedACL.Performance and Monitoring.Should track operation timing" time="0" asserts="0" success="False" result="Failure" executed="True">
                    <failure>
                      <message>This test should run but it did not. Most likely a setup in some parent block failed.</message>
                      <stack-trace />
                    </failure>
                  </test-case>
                  <test-case description="Should provide comprehensive operation results" name="Set-ModifiedACL.Performance and Monitoring.Should provide comprehensive operation results" time="0" asserts="0" success="False" result="Failure" executed="True">
                    <failure>
                      <message>This test should run but it did not. Most likely a setup in some parent block failed.</message>
                      <stack-trace />
                    </failure>
                  </test-case>
                </results>
              </test-suite>
            </results>
          </test-suite>
        </results>
      </test-suite>
      <test-suite type="TestFixture" name="C:\temp\Find-UnknownSID\Tests\Unit\ActiveDirectory.Tests.ps1" executed="True" result="Failure" success="False" time="0.4658" asserts="0" description="C:\temp\Find-UnknownSID\Tests\Unit\ActiveDirectory.Tests.ps1">
        <results>
          <test-suite type="TestFixture" name="Get-ADObjectFromSearchBase" executed="True" result="Failure" success="False" time="0" asserts="0" description="Get-ADObjectFromSearchBase">
            <results>
              <test-suite type="TestFixture" name="Get-ADObjectFromSearchBase.Parameter Validation" executed="True" result="Failure" success="False" time="0" asserts="0" description="Get-ADObjectFromSearchBase.Parameter Validation">
                <results>
                  <test-case description="Should require SearchBase parameter" name="Get-ADObjectFromSearchBase.Parameter Validation.Should require SearchBase parameter" time="0" asserts="0" success="False" result="Failure" executed="True">
                    <failure>
                      <message>This test should run but it did not. Most likely a setup in some parent block failed.</message>
                      <stack-trace />
                    </failure>
                  </test-case>
                  <test-case description="Should require Filter parameter" name="Get-ADObjectFromSearchBase.Parameter Validation.Should require Filter parameter" time="0" asserts="0" success="False" result="Failure" executed="True">
                    <failure>
                      <message>This test should run but it did not. Most likely a setup in some parent block failed.</message>
                      <stack-trace />
                    </failure>
                  </test-case>
                  <test-case description="Should accept valid parameters" name="Get-ADObjectFromSearchBase.Parameter Validation.Should accept valid parameters" time="0" asserts="0" success="False" result="Failure" executed="True">
                    <failure>
                      <message>This test should run but it did not. Most likely a setup in some parent block failed.</message>
                      <stack-trace />
                    </failure>
                  </test-case>
                  <test-case description="Should validate DistinguishedName format for SearchBase" name="Get-ADObjectFromSearchBase.Parameter Validation.Should validate DistinguishedName format for SearchBase" time="0" asserts="0" success="False" result="Failure" executed="True">
                    <failure>
                      <message>This test should run but it did not. Most likely a setup in some parent block failed.</message>
                      <stack-trace />
                    </failure>
                  </test-case>
                  <test-case description="Should accept correlation ID parameter" name="Get-ADObjectFromSearchBase.Parameter Validation.Should accept correlation ID parameter" time="0" asserts="0" success="False" result="Failure" executed="True">
                    <failure>
                      <message>This test should run but it did not. Most likely a setup in some parent block failed.</message>
                      <stack-trace />
                    </failure>
                  </test-case>
                </results>
              </test-suite>
              <test-suite type="TestFixture" name="Get-ADObjectFromSearchBase.Core Functionality" executed="True" result="Failure" success="False" time="0" asserts="0" description="Get-ADObjectFromSearchBase.Core Functionality">
                <results>
                  <test-case description="Should call Get-ADObject with correct parameters" name="Get-ADObjectFromSearchBase.Core Functionality.Should call Get-ADObject with correct parameters" time="0" asserts="0" success="False" result="Failure" executed="True">
                    <failure>
                      <message>This test should run but it did not. Most likely a setup in some parent block failed.</message>
                      <stack-trace />
                    </failure>
                  </test-case>
                  <test-case description="Should handle empty search results gracefully" name="Get-ADObjectFromSearchBase.Core Functionality.Should handle empty search results gracefully" time="0" asserts="0" success="False" result="Failure" executed="True">
                    <failure>
                      <message>This test should run but it did not. Most likely a setup in some parent block failed.</message>
                      <stack-trace />
                    </failure>
                  </test-case>
                  <test-case description="Should return multiple objects when found" name="Get-ADObjectFromSearchBase.Core Functionality.Should return multiple objects when found" time="0" asserts="0" success="False" result="Failure" executed="True">
                    <failure>
                      <message>This test should run but it did not. Most likely a setup in some parent block failed.</message>
                      <stack-trace />
                    </failure>
                  </test-case>
                </results>
              </test-suite>
              <test-suite type="TestFixture" name="Get-ADObjectFromSearchBase.Error Handling" executed="True" result="Failure" success="False" time="0" asserts="0" description="Get-ADObjectFromSearchBase.Error Handling">
                <results>
                  <test-case description="Should handle Active Directory connection errors" name="Get-ADObjectFromSearchBase.Error Handling.Should handle Active Directory connection errors" time="0" asserts="0" success="False" result="Failure" executed="True">
                    <failure>
                      <message>This test should run but it did not. Most likely a setup in some parent block failed.</message>
                      <stack-trace />
                    </failure>
                  </test-case>
                  <test-case description="Should handle invalid search base errors" name="Get-ADObjectFromSearchBase.Error Handling.Should handle invalid search base errors" time="0" asserts="0" success="False" result="Failure" executed="True">
                    <failure>
                      <message>This test should run but it did not. Most likely a setup in some parent block failed.</message>
                      <stack-trace />
                    </failure>
                  </test-case>
                  <test-case description="Should handle authentication errors" name="Get-ADObjectFromSearchBase.Error Handling.Should handle authentication errors" time="0" asserts="0" success="False" result="Failure" executed="True">
                    <failure>
                      <message>This test should run but it did not. Most likely a setup in some parent block failed.</message>
                      <stack-trace />
                    </failure>
                  </test-case>
                </results>
              </test-suite>
              <test-suite type="TestFixture" name="Get-ADObjectFromSearchBase.Performance and Scalability" executed="True" result="Failure" success="False" time="0" asserts="0" description="Get-ADObjectFromSearchBase.Performance and Scalability">
                <results>
                  <test-case description="Should complete within acceptable time for small searches" name="Get-ADObjectFromSearchBase.Performance and Scalability.Should complete within acceptable time for small searches" time="0" asserts="0" success="False" result="Failure" executed="True">
                    <failure>
                      <message>This test should run but it did not. Most likely a setup in some parent block failed.</message>
                      <stack-trace />
                    </failure>
                  </test-case>
                  <test-case description="Should handle large result sets efficiently" name="Get-ADObjectFromSearchBase.Performance and Scalability.Should handle large result sets efficiently" time="0" asserts="0" success="False" result="Failure" executed="True">
                    <failure>
                      <message>This test should run but it did not. Most likely a setup in some parent block failed.</message>
                      <stack-trace />
                    </failure>
                  </test-case>
                </results>
              </test-suite>
              <test-suite type="TestFixture" name="Get-ADObjectFromSearchBase.Audit and Compliance" executed="True" result="Failure" success="False" time="0" asserts="0" description="Get-ADObjectFromSearchBase.Audit and Compliance">
                <results>
                  <test-case description="Should log search operations with correlation ID" name="Get-ADObjectFromSearchBase.Audit and Compliance.Should log search operations with correlation ID" time="0" asserts="0" success="False" result="Failure" executed="True">
                    <failure>
                      <message>This test should run but it did not. Most likely a setup in some parent block failed.</message>
                      <stack-trace />
                    </failure>
                  </test-case>
                  <test-case description="Should include search parameters in audit log" name="Get-ADObjectFromSearchBase.Audit and Compliance.Should include search parameters in audit log" time="0" asserts="0" success="False" result="Failure" executed="True">
                    <failure>
                      <message>This test should run but it did not. Most likely a setup in some parent block failed.</message>
                      <stack-trace />
                    </failure>
                  </test-case>
                </results>
              </test-suite>
            </results>
          </test-suite>
          <test-suite type="TestFixture" name="Get-ADObjectsSequential" executed="True" result="Failure" success="False" time="0" asserts="0" description="Get-ADObjectsSequential">
            <results>
              <test-suite type="TestFixture" name="Get-ADObjectsSequential.Parameter Validation" executed="True" result="Failure" success="False" time="0" asserts="0" description="Get-ADObjectsSequential.Parameter Validation">
                <results>
                  <test-case description="Should require ObjectList parameter" name="Get-ADObjectsSequential.Parameter Validation.Should require ObjectList parameter" time="0" asserts="0" success="False" result="Failure" executed="True">
                    <failure>
                      <message>This test should run but it did not. Most likely a setup in some parent block failed.</message>
                      <stack-trace />
                    </failure>
                  </test-case>
                  <test-case description="Should accept array of distinguished names" name="Get-ADObjectsSequential.Parameter Validation.Should accept array of distinguished names" time="0" asserts="0" success="False" result="Failure" executed="True">
                    <failure>
                      <message>This test should run but it did not. Most likely a setup in some parent block failed.</message>
                      <stack-trace />
                    </failure>
                  </test-case>
                  <test-case description="Should accept batch size parameter" name="Get-ADObjectsSequential.Parameter Validation.Should accept batch size parameter" time="0" asserts="0" success="False" result="Failure" executed="True">
                    <failure>
                      <message>This test should run but it did not. Most likely a setup in some parent block failed.</message>
                      <stack-trace />
                    </failure>
                  </test-case>
                  <test-case description="Should validate batch size is positive" name="Get-ADObjectsSequential.Parameter Validation.Should validate batch size is positive" time="0" asserts="0" success="False" result="Failure" executed="True">
                    <failure>
                      <message>This test should run but it did not. Most likely a setup in some parent block failed.</message>
                      <stack-trace />
                    </failure>
                  </test-case>
                </results>
              </test-suite>
              <test-suite type="TestFixture" name="Get-ADObjectsSequential.Core Functionality" executed="True" result="Failure" success="False" time="0" asserts="0" description="Get-ADObjectsSequential.Core Functionality">
                <results>
                  <test-case description="Should process objects in sequential batches" name="Get-ADObjectsSequential.Core Functionality.Should process objects in sequential batches" time="0" asserts="0" success="False" result="Failure" executed="True">
                    <failure>
                      <message>This test should run but it did not. Most likely a setup in some parent block failed.</message>
                      <stack-trace />
                    </failure>
                  </test-case>
                  <test-case description="Should handle empty object list" name="Get-ADObjectsSequential.Core Functionality.Should handle empty object list" time="0" asserts="0" success="False" result="Failure" executed="True">
                    <failure>
                      <message>This test should run but it did not. Most likely a setup in some parent block failed.</message>
                      <stack-trace />
                    </failure>
                  </test-case>
                  <test-case description="Should respect batch size limits" name="Get-ADObjectsSequential.Core Functionality.Should respect batch size limits" time="0" asserts="0" success="False" result="Failure" executed="True">
                    <failure>
                      <message>This test should run but it did not. Most likely a setup in some parent block failed.</message>
                      <stack-trace />
                    </failure>
                  </test-case>
                </results>
              </test-suite>
              <test-suite type="TestFixture" name="Get-ADObjectsSequential.Error Handling" executed="True" result="Failure" success="False" time="0" asserts="0" description="Get-ADObjectsSequential.Error Handling">
                <results>
                  <test-case description="Should handle individual object lookup failures" name="Get-ADObjectsSequential.Error Handling.Should handle individual object lookup failures" time="0" asserts="0" success="False" result="Failure" executed="True">
                    <failure>
                      <message>This test should run but it did not. Most likely a setup in some parent block failed.</message>
                      <stack-trace />
                    </failure>
                  </test-case>
                  <test-case description="Should continue processing after errors when specified" name="Get-ADObjectsSequential.Error Handling.Should continue processing after errors when specified" time="0" asserts="0" success="False" result="Failure" executed="True">
                    <failure>
                      <message>This test should run but it did not. Most likely a setup in some parent block failed.</message>
                      <stack-trace />
                    </failure>
                  </test-case>
                </results>
              </test-suite>
              <test-suite type="TestFixture" name="Get-ADObjectsSequential.Performance and Memory Management" executed="True" result="Failure" success="False" time="0" asserts="0" description="Get-ADObjectsSequential.Performance and Memory Management">
                <results>
                  <test-case description="Should use memory efficiently for large batches" name="Get-ADObjectsSequential.Performance and Memory Management.Should use memory efficiently for large batches" time="0" asserts="0" success="False" result="Failure" executed="True">
                    <failure>
                      <message>This test should run but it did not. Most likely a setup in some parent block failed.</message>
                      <stack-trace />
                    </failure>
                  </test-case>
                </results>
              </test-suite>
            </results>
          </test-suite>
          <test-suite type="TestFixture" name="Invoke-ADOperationWithRetry" executed="True" result="Failure" success="False" time="0" asserts="0" description="Invoke-ADOperationWithRetry">
            <results>
              <test-suite type="TestFixture" name="Invoke-ADOperationWithRetry.Parameter Validation" executed="True" result="Failure" success="False" time="0" asserts="0" description="Invoke-ADOperationWithRetry.Parameter Validation">
                <results>
                  <test-case description="Should require ScriptBlock parameter" name="Invoke-ADOperationWithRetry.Parameter Validation.Should require ScriptBlock parameter" time="0" asserts="0" success="False" result="Failure" executed="True">
                    <failure>
                      <message>This test should run but it did not. Most likely a setup in some parent block failed.</message>
                      <stack-trace />
                    </failure>
                  </test-case>
                  <test-case description="Should accept retry count parameter" name="Invoke-ADOperationWithRetry.Parameter Validation.Should accept retry count parameter" time="0" asserts="0" success="False" result="Failure" executed="True">
                    <failure>
                      <message>This test should run but it did not. Most likely a setup in some parent block failed.</message>
                      <stack-trace />
                    </failure>
                  </test-case>
                  <test-case description="Should validate retry count is non-negative" name="Invoke-ADOperationWithRetry.Parameter Validation.Should validate retry count is non-negative" time="0" asserts="0" success="False" result="Failure" executed="True">
                    <failure>
                      <message>This test should run but it did not. Most likely a setup in some parent block failed.</message>
                      <stack-trace />
                    </failure>
                  </test-case>
                  <test-case description="Should accept retry delay parameter" name="Invoke-ADOperationWithRetry.Parameter Validation.Should accept retry delay parameter" time="0" asserts="0" success="False" result="Failure" executed="True">
                    <failure>
                      <message>This test should run but it did not. Most likely a setup in some parent block failed.</message>
                      <stack-trace />
                    </failure>
                  </test-case>
                </results>
              </test-suite>
              <test-suite type="TestFixture" name="Invoke-ADOperationWithRetry.Core Functionality" executed="True" result="Failure" success="False" time="0" asserts="0" description="Invoke-ADOperationWithRetry.Core Functionality">
                <results>
                  <test-case description="Should execute script block successfully on first try" name="Invoke-ADOperationWithRetry.Core Functionality.Should execute script block successfully on first try" time="0" asserts="0" success="False" result="Failure" executed="True">
                    <failure>
                      <message>This test should run but it did not. Most likely a setup in some parent block failed.</message>
                      <stack-trace />
                    </failure>
                  </test-case>
                  <test-case description="Should retry on transient failures" name="Invoke-ADOperationWithRetry.Core Functionality.Should retry on transient failures" time="0" asserts="0" success="False" result="Failure" executed="True">
                    <failure>
                      <message>This test should run but it did not. Most likely a setup in some parent block failed.</message>
                      <stack-trace />
                    </failure>
                  </test-case>
                  <test-case description="Should fail after maximum retries exceeded" name="Invoke-ADOperationWithRetry.Core Functionality.Should fail after maximum retries exceeded" time="0" asserts="0" success="False" result="Failure" executed="True">
                    <failure>
                      <message>This test should run but it did not. Most likely a setup in some parent block failed.</message>
                      <stack-trace />
                    </failure>
                  </test-case>
                  <test-case description="Should implement exponential backoff delay" name="Invoke-ADOperationWithRetry.Core Functionality.Should implement exponential backoff delay" time="0" asserts="0" success="False" result="Failure" executed="True">
                    <failure>
                      <message>This test should run but it did not. Most likely a setup in some parent block failed.</message>
                      <stack-trace />
                    </failure>
                  </test-case>
                </results>
              </test-suite>
              <test-suite type="TestFixture" name="Invoke-ADOperationWithRetry.Error Classification" executed="True" result="Failure" success="False" time="0" asserts="0" description="Invoke-ADOperationWithRetry.Error Classification">
                <results>
                  <test-case description="Should retry on network errors" name="Invoke-ADOperationWithRetry.Error Classification.Should retry on network errors" time="0" asserts="0" success="False" result="Failure" executed="True">
                    <failure>
                      <message>This test should run but it did not. Most likely a setup in some parent block failed.</message>
                      <stack-trace />
                    </failure>
                  </test-case>
                  <test-case description="Should not retry on authentication errors" name="Invoke-ADOperationWithRetry.Error Classification.Should not retry on authentication errors" time="0" asserts="0" success="False" result="Failure" executed="True">
                    <failure>
                      <message>This test should run but it did not. Most likely a setup in some parent block failed.</message>
                      <stack-trace />
                    </failure>
                  </test-case>
                  <test-case description="Should not retry on object not found errors" name="Invoke-ADOperationWithRetry.Error Classification.Should not retry on object not found errors" time="0" asserts="0" success="False" result="Failure" executed="True">
                    <failure>
                      <message>This test should run but it did not. Most likely a setup in some parent block failed.</message>
                      <stack-trace />
                    </failure>
                  </test-case>
                </results>
              </test-suite>
              <test-suite type="TestFixture" name="Invoke-ADOperationWithRetry.Audit and Compliance" executed="True" result="Failure" success="False" time="0" asserts="0" description="Invoke-ADOperationWithRetry.Audit and Compliance">
                <results>
                  <test-case description="Should log retry attempts with correlation ID" name="Invoke-ADOperationWithRetry.Audit and Compliance.Should log retry attempts with correlation ID" time="0" asserts="0" success="False" result="Failure" executed="True">
                    <failure>
                      <message>This test should run but it did not. Most likely a setup in some parent block failed.</message>
                      <stack-trace />
                    </failure>
                  </test-case>
                </results>
              </test-suite>
            </results>
          </test-suite>
          <test-suite type="TestFixture" name="Test-ValidDistinguishedName" executed="True" result="Failure" success="False" time="0" asserts="0" description="Test-ValidDistinguishedName">
            <results>
              <test-suite type="TestFixture" name="Test-ValidDistinguishedName.Parameter Validation" executed="True" result="Failure" success="False" time="0" asserts="0" description="Test-ValidDistinguishedName.Parameter Validation">
                <results>
                  <test-case description="Should require DistinguishedName parameter" name="Test-ValidDistinguishedName.Parameter Validation.Should require DistinguishedName parameter" time="0" asserts="0" success="False" result="Failure" executed="True">
                    <failure>
                      <message>This test should run but it did not. Most likely a setup in some parent block failed.</message>
                      <stack-trace />
                    </failure>
                  </test-case>
                  <test-case description="Should accept string input" name="Test-ValidDistinguishedName.Parameter Validation.Should accept string input" time="0" asserts="0" success="False" result="Failure" executed="True">
                    <failure>
                      <message>This test should run but it did not. Most likely a setup in some parent block failed.</message>
                      <stack-trace />
                    </failure>
                  </test-case>
                  <test-case description="Should accept correlation ID parameter" name="Test-ValidDistinguishedName.Parameter Validation.Should accept correlation ID parameter" time="0" asserts="0" success="False" result="Failure" executed="True">
                    <failure>
                      <message>This test should run but it did not. Most likely a setup in some parent block failed.</message>
                      <stack-trace />
                    </failure>
                  </test-case>
                </results>
              </test-suite>
              <test-suite type="TestFixture" name="Test-ValidDistinguishedName.Valid Distinguished Name Formats" executed="True" result="Failure" success="False" time="0" asserts="0" description="Test-ValidDistinguishedName.Valid Distinguished Name Formats">
                <results>
                  <test-case description="Should validate standard user DN" name="Test-ValidDistinguishedName.Valid Distinguished Name Formats.Should validate standard user DN" time="0" asserts="0" success="False" result="Failure" executed="True">
                    <failure>
                      <message>This test should run but it did not. Most likely a setup in some parent block failed.</message>
                      <stack-trace />
                    </failure>
                  </test-case>
                  <test-case description="Should validate computer DN" name="Test-ValidDistinguishedName.Valid Distinguished Name Formats.Should validate computer DN" time="0" asserts="0" success="False" result="Failure" executed="True">
                    <failure>
                      <message>This test should run but it did not. Most likely a setup in some parent block failed.</message>
                      <stack-trace />
                    </failure>
                  </test-case>
                  <test-case description="Should validate group DN" name="Test-ValidDistinguishedName.Valid Distinguished Name Formats.Should validate group DN" time="0" asserts="0" success="False" result="Failure" executed="True">
                    <failure>
                      <message>This test should run but it did not. Most likely a setup in some parent block failed.</message>
                      <stack-trace />
                    </failure>
                  </test-case>
                  <test-case description="Should validate organizational unit DN" name="Test-ValidDistinguishedName.Valid Distinguished Name Formats.Should validate organizational unit DN" time="0" asserts="0" success="False" result="Failure" executed="True">
                    <failure>
                      <message>This test should run but it did not. Most likely a setup in some parent block failed.</message>
                      <stack-trace />
                    </failure>
                  </test-case>
                  <test-case description="Should validate complex DN with special characters" name="Test-ValidDistinguishedName.Valid Distinguished Name Formats.Should validate complex DN with special characters" time="0" asserts="0" success="False" result="Failure" executed="True">
                    <failure>
                      <message>This test should run but it did not. Most likely a setup in some parent block failed.</message>
                      <stack-trace />
                    </failure>
                  </test-case>
                </results>
              </test-suite>
              <test-suite type="TestFixture" name="Test-ValidDistinguishedName.Invalid Distinguished Name Formats" executed="True" result="Failure" success="False" time="0" asserts="0" description="Test-ValidDistinguishedName.Invalid Distinguished Name Formats">
                <results>
                  <test-case description="Should reject empty string" name="Test-ValidDistinguishedName.Invalid Distinguished Name Formats.Should reject empty string" time="0" asserts="0" success="False" result="Failure" executed="True">
                    <failure>
                      <message>This test should run but it did not. Most likely a setup in some parent block failed.</message>
                      <stack-trace />
                    </failure>
                  </test-case>
                  <test-case description="Should reject null value" name="Test-ValidDistinguishedName.Invalid Distinguished Name Formats.Should reject null value" time="0" asserts="0" success="False" result="Failure" executed="True">
                    <failure>
                      <message>This test should run but it did not. Most likely a setup in some parent block failed.</message>
                      <stack-trace />
                    </failure>
                  </test-case>
                  <test-case description="Should reject malformed DN without DC component" name="Test-ValidDistinguishedName.Invalid Distinguished Name Formats.Should reject malformed DN without DC component" time="0" asserts="0" success="False" result="Failure" executed="True">
                    <failure>
                      <message>This test should run but it did not. Most likely a setup in some parent block failed.</message>
                      <stack-trace />
                    </failure>
                  </test-case>
                  <test-case description="Should reject DN with invalid component separator" name="Test-ValidDistinguishedName.Invalid Distinguished Name Formats.Should reject DN with invalid component separator" time="0" asserts="0" success="False" result="Failure" executed="True">
                    <failure>
                      <message>This test should run but it did not. Most likely a setup in some parent block failed.</message>
                      <stack-trace />
                    </failure>
                  </test-case>
                  <test-case description="Should reject DN with missing component values" name="Test-ValidDistinguishedName.Invalid Distinguished Name Formats.Should reject DN with missing component values" time="0" asserts="0" success="False" result="Failure" executed="True">
                    <failure>
                      <message>This test should run but it did not. Most likely a setup in some parent block failed.</message>
                      <stack-trace />
                    </failure>
                  </test-case>
                  <test-case description="Should reject plain text that is not a DN" name="Test-ValidDistinguishedName.Invalid Distinguished Name Formats.Should reject plain text that is not a DN" time="0" asserts="0" success="False" result="Failure" executed="True">
                    <failure>
                      <message>This test should run but it did not. Most likely a setup in some parent block failed.</message>
                      <stack-trace />
                    </failure>
                  </test-case>
                </results>
              </test-suite>
              <test-suite type="TestFixture" name="Test-ValidDistinguishedName.Performance and Edge Cases" executed="True" result="Failure" success="False" time="0" asserts="0" description="Test-ValidDistinguishedName.Performance and Edge Cases">
                <results>
                  <test-case description="Should handle very long distinguished names" name="Test-ValidDistinguishedName.Performance and Edge Cases.Should handle very long distinguished names" time="0" asserts="0" success="False" result="Failure" executed="True">
                    <failure>
                      <message>This test should run but it did not. Most likely a setup in some parent block failed.</message>
                      <stack-trace />
                    </failure>
                  </test-case>
                  <test-case description="Should complete validation within acceptable time" name="Test-ValidDistinguishedName.Performance and Edge Cases.Should complete validation within acceptable time" time="0" asserts="0" success="False" result="Failure" executed="True">
                    <failure>
                      <message>This test should run but it did not. Most likely a setup in some parent block failed.</message>
                      <stack-trace />
                    </failure>
                  </test-case>
                </results>
              </test-suite>
              <test-suite type="TestFixture" name="Test-ValidDistinguishedName.Audit and Compliance" executed="True" result="Failure" success="False" time="0" asserts="0" description="Test-ValidDistinguishedName.Audit and Compliance">
                <results>
                  <test-case description="Should log validation attempts with correlation ID" name="Test-ValidDistinguishedName.Audit and Compliance.Should log validation attempts with correlation ID" time="0" asserts="0" success="False" result="Failure" executed="True">
                    <failure>
                      <message>This test should run but it did not. Most likely a setup in some parent block failed.</message>
                      <stack-trace />
                    </failure>
                  </test-case>
                  <test-case description="Should log validation results for audit trail" name="Test-ValidDistinguishedName.Audit and Compliance.Should log validation results for audit trail" time="0" asserts="0" success="False" result="Failure" executed="True">
                    <failure>
                      <message>This test should run but it did not. Most likely a setup in some parent block failed.</message>
                      <stack-trace />
                    </failure>
                  </test-case>
                </results>
              </test-suite>
            </results>
          </test-suite>
        </results>
      </test-suite>
      <test-suite type="TestFixture" name="C:\temp\Find-UnknownSID\Tests\Unit\Backup.Tests.ps1" executed="True" result="Failure" success="False" time="0.6935" asserts="0" description="C:\temp\Find-UnknownSID\Tests\Unit\Backup.Tests.ps1">
        <results>
          <test-suite type="TestFixture" name="Find-BackupFile" executed="True" result="Failure" success="False" time="0" asserts="0" description="Find-BackupFile">
            <results>
              <test-suite type="TestFixture" name="Find-BackupFile.Parameter Validation" executed="True" result="Failure" success="False" time="0" asserts="0" description="Find-BackupFile.Parameter Validation">
                <results>
                  <test-case description="Should require BackupPath parameter" name="Find-BackupFile.Parameter Validation.Should require BackupPath parameter" time="0" asserts="0" success="False" result="Failure" executed="True">
                    <failure>
                      <message>This test should run but it did not. Most likely a setup in some parent block failed.</message>
                      <stack-trace />
                    </failure>
                  </test-case>
                  <test-case description="Should require ObjectDistinguishedName parameter" name="Find-BackupFile.Parameter Validation.Should require ObjectDistinguishedName parameter" time="0" asserts="0" success="False" result="Failure" executed="True">
                    <failure>
                      <message>This test should run but it did not. Most likely a setup in some parent block failed.</message>
                      <stack-trace />
                    </failure>
                  </test-case>
                  <test-case description="Should accept valid parameters" name="Find-BackupFile.Parameter Validation.Should accept valid parameters" time="0" asserts="0" success="False" result="Failure" executed="True">
                    <failure>
                      <message>This test should run but it did not. Most likely a setup in some parent block failed.</message>
                      <stack-trace />
                    </failure>
                  </test-case>
                  <test-case description="Should validate backup path exists" name="Find-BackupFile.Parameter Validation.Should validate backup path exists" time="0" asserts="0" success="False" result="Failure" executed="True">
                    <failure>
                      <message>This test should run but it did not. Most likely a setup in some parent block failed.</message>
                      <stack-trace />
                    </failure>
                  </test-case>
                  <test-case description="Should accept correlation ID parameter" name="Find-BackupFile.Parameter Validation.Should accept correlation ID parameter" time="0" asserts="0" success="False" result="Failure" executed="True">
                    <failure>
                      <message>This test should run but it did not. Most likely a setup in some parent block failed.</message>
                      <stack-trace />
                    </failure>
                  </test-case>
                </results>
              </test-suite>
              <test-suite type="TestFixture" name="Find-BackupFile.Core Functionality" executed="True" result="Failure" success="False" time="0" asserts="0" description="Find-BackupFile.Core Functionality">
                <results>
                  <test-case description="Should find existing backup files" name="Find-BackupFile.Core Functionality.Should find existing backup files" time="0" asserts="0" success="False" result="Failure" executed="True">
                    <failure>
                      <message>This test should run but it did not. Most likely a setup in some parent block failed.</message>
                      <stack-trace />
                    </failure>
                  </test-case>
                  <test-case description="Should return empty array when no backups found" name="Find-BackupFile.Core Functionality.Should return empty array when no backups found" time="0" asserts="0" success="False" result="Failure" executed="True">
                    <failure>
                      <message>This test should run but it did not. Most likely a setup in some parent block failed.</message>
                      <stack-trace />
                    </failure>
                  </test-case>
                  <test-case description="Should filter files by distinguished name pattern" name="Find-BackupFile.Core Functionality.Should filter files by distinguished name pattern" time="0" asserts="0" success="False" result="Failure" executed="True">
                    <failure>
                      <message>This test should run but it did not. Most likely a setup in some parent block failed.</message>
                      <stack-trace />
                    </failure>
                  </test-case>
                  <test-case description="Should sort results by creation time descending" name="Find-BackupFile.Core Functionality.Should sort results by creation time descending" time="0" asserts="0" success="False" result="Failure" executed="True">
                    <failure>
                      <message>This test should run but it did not. Most likely a setup in some parent block failed.</message>
                      <stack-trace />
                    </failure>
                  </test-case>
                </results>
              </test-suite>
              <test-suite type="TestFixture" name="Find-BackupFile.Error Handling" executed="True" result="Failure" success="False" time="0" asserts="0" description="Find-BackupFile.Error Handling">
                <results>
                  <test-case description="Should handle file system access errors" name="Find-BackupFile.Error Handling.Should handle file system access errors" time="0" asserts="0" success="False" result="Failure" executed="True">
                    <failure>
                      <message>This test should run but it did not. Most likely a setup in some parent block failed.</message>
                      <stack-trace />
                    </failure>
                  </test-case>
                  <test-case description="Should handle network path unavailability" name="Find-BackupFile.Error Handling.Should handle network path unavailability" time="0" asserts="0" success="False" result="Failure" executed="True">
                    <failure>
                      <message>This test should run but it did not. Most likely a setup in some parent block failed.</message>
                      <stack-trace />
                    </failure>
                  </test-case>
                </results>
              </test-suite>
              <test-suite type="TestFixture" name="Find-BackupFile.Performance and Scalability" executed="True" result="Failure" success="False" time="0" asserts="0" description="Find-BackupFile.Performance and Scalability">
                <results>
                  <test-case description="Should handle large backup directories efficiently" name="Find-BackupFile.Performance and Scalability.Should handle large backup directories efficiently" time="0" asserts="0" success="False" result="Failure" executed="True">
                    <failure>
                      <message>This test should run but it did not. Most likely a setup in some parent block failed.</message>
                      <stack-trace />
                    </failure>
                  </test-case>
                </results>
              </test-suite>
              <test-suite type="TestFixture" name="Find-BackupFile.Audit and Compliance" executed="True" result="Failure" success="False" time="0" asserts="0" description="Find-BackupFile.Audit and Compliance">
                <results>
                  <test-case description="Should log backup search operations" name="Find-BackupFile.Audit and Compliance.Should log backup search operations" time="0" asserts="0" success="False" result="Failure" executed="True">
                    <failure>
                      <message>This test should run but it did not. Most likely a setup in some parent block failed.</message>
                      <stack-trace />
                    </failure>
                  </test-case>
                </results>
              </test-suite>
            </results>
          </test-suite>
          <test-suite type="TestFixture" name="Get-BackupMetadata" executed="True" result="Failure" success="False" time="0" asserts="0" description="Get-BackupMetadata">
            <results>
              <test-suite type="TestFixture" name="Get-BackupMetadata.Parameter Validation" executed="True" result="Failure" success="False" time="0" asserts="0" description="Get-BackupMetadata.Parameter Validation">
                <results>
                  <test-case description="Should require BackupFilePath parameter" name="Get-BackupMetadata.Parameter Validation.Should require BackupFilePath parameter" time="0" asserts="0" success="False" result="Failure" executed="True">
                    <failure>
                      <message>This test should run but it did not. Most likely a setup in some parent block failed.</message>
                      <stack-trace />
                    </failure>
                  </test-case>
                  <test-case description="Should validate backup file exists" name="Get-BackupMetadata.Parameter Validation.Should validate backup file exists" time="0" asserts="0" success="False" result="Failure" executed="True">
                    <failure>
                      <message>This test should run but it did not. Most likely a setup in some parent block failed.</message>
                      <stack-trace />
                    </failure>
                  </test-case>
                  <test-case description="Should accept valid file path" name="Get-BackupMetadata.Parameter Validation.Should accept valid file path" time="0" asserts="0" success="False" result="Failure" executed="True">
                    <failure>
                      <message>This test should run but it did not. Most likely a setup in some parent block failed.</message>
                      <stack-trace />
                    </failure>
                  </test-case>
                </results>
              </test-suite>
              <test-suite type="TestFixture" name="Get-BackupMetadata.Core Functionality" executed="True" result="Failure" success="False" time="0" asserts="0" description="Get-BackupMetadata.Core Functionality">
                <results>
                  <test-case description="Should extract metadata from XML backup files" name="Get-BackupMetadata.Core Functionality.Should extract metadata from XML backup files" time="0" asserts="0" success="False" result="Failure" executed="True">
                    <failure>
                      <message>This test should run but it did not. Most likely a setup in some parent block failed.</message>
                      <stack-trace />
                    </failure>
                  </test-case>
                  <test-case description="Should extract metadata from JSON backup files" name="Get-BackupMetadata.Core Functionality.Should extract metadata from JSON backup files" time="0" asserts="0" success="False" result="Failure" executed="True">
                    <failure>
                      <message>This test should run but it did not. Most likely a setup in some parent block failed.</message>
                      <stack-trace />
                    </failure>
                  </test-case>
                  <test-case description="Should handle missing metadata gracefully" name="Get-BackupMetadata.Core Functionality.Should handle missing metadata gracefully" time="0" asserts="0" success="False" result="Failure" executed="True">
                    <failure>
                      <message>This test should run but it did not. Most likely a setup in some parent block failed.</message>
                      <stack-trace />
                    </failure>
                  </test-case>
                </results>
              </test-suite>
              <test-suite type="TestFixture" name="Get-BackupMetadata.Error Handling" executed="True" result="Failure" success="False" time="0" asserts="0" description="Get-BackupMetadata.Error Handling">
                <results>
                  <test-case description="Should handle corrupted XML files" name="Get-BackupMetadata.Error Handling.Should handle corrupted XML files" time="0" asserts="0" success="False" result="Failure" executed="True">
                    <failure>
                      <message>This test should run but it did not. Most likely a setup in some parent block failed.</message>
                      <stack-trace />
                    </failure>
                  </test-case>
                  <test-case description="Should handle corrupted JSON files" name="Get-BackupMetadata.Error Handling.Should handle corrupted JSON files" time="0" asserts="0" success="False" result="Failure" executed="True">
                    <failure>
                      <message>This test should run but it did not. Most likely a setup in some parent block failed.</message>
                      <stack-trace />
                    </failure>
                  </test-case>
                  <test-case description="Should handle file access errors" name="Get-BackupMetadata.Error Handling.Should handle file access errors" time="0" asserts="0" success="False" result="Failure" executed="True">
                    <failure>
                      <message>This test should run but it did not. Most likely a setup in some parent block failed.</message>
                      <stack-trace />
                    </failure>
                  </test-case>
                </results>
              </test-suite>
              <test-suite type="TestFixture" name="Get-BackupMetadata.Audit and Compliance" executed="True" result="Failure" success="False" time="0" asserts="0" description="Get-BackupMetadata.Audit and Compliance">
                <results>
                  <test-case description="Should log metadata extraction operations" name="Get-BackupMetadata.Audit and Compliance.Should log metadata extraction operations" time="0" asserts="0" success="False" result="Failure" executed="True">
                    <failure>
                      <message>This test should run but it did not. Most likely a setup in some parent block failed.</message>
                      <stack-trace />
                    </failure>
                  </test-case>
                </results>
              </test-suite>
            </results>
          </test-suite>
          <test-suite type="TestFixture" name="New-ACLBackup" executed="True" result="Failure" success="False" time="0" asserts="0" description="New-ACLBackup">
            <results>
              <test-suite type="TestFixture" name="New-ACLBackup.Parameter Validation" executed="True" result="Failure" success="False" time="0" asserts="0" description="New-ACLBackup.Parameter Validation">
                <results>
                  <test-case description="Should require ObjectPath parameter" name="New-ACLBackup.Parameter Validation.Should require ObjectPath parameter" time="0" asserts="0" success="False" result="Failure" executed="True">
                    <failure>
                      <message>This test should run but it did not. Most likely a setup in some parent block failed.</message>
                      <stack-trace />
                    </failure>
                  </test-case>
                  <test-case description="Should require BackupPath parameter" name="New-ACLBackup.Parameter Validation.Should require BackupPath parameter" time="0" asserts="0" success="False" result="Failure" executed="True">
                    <failure>
                      <message>This test should run but it did not. Most likely a setup in some parent block failed.</message>
                      <stack-trace />
                    </failure>
                  </test-case>
                  <test-case description="Should accept valid parameters" name="New-ACLBackup.Parameter Validation.Should accept valid parameters" time="0" asserts="0" success="False" result="Failure" executed="True">
                    <failure>
                      <message>This test should run but it did not. Most likely a setup in some parent block failed.</message>
                      <stack-trace />
                    </failure>
                  </test-case>
                  <test-case description="Should validate backup directory exists or can be created" name="New-ACLBackup.Parameter Validation.Should validate backup directory exists or can be created" time="0" asserts="0" success="False" result="Failure" executed="True">
                    <failure>
                      <message>This test should run but it did not. Most likely a setup in some parent block failed.</message>
                      <stack-trace />
                    </failure>
                  </test-case>
                </results>
              </test-suite>
              <test-suite type="TestFixture" name="New-ACLBackup.Core Functionality" executed="True" result="Failure" success="False" time="0" asserts="0" description="New-ACLBackup.Core Functionality">
                <results>
                  <test-case description="Should create ACL backup successfully" name="New-ACLBackup.Core Functionality.Should create ACL backup successfully" time="0" asserts="0" success="False" result="Failure" executed="True">
                    <failure>
                      <message>This test should run but it did not. Most likely a setup in some parent block failed.</message>
                      <stack-trace />
                    </failure>
                  </test-case>
                  <test-case description="Should generate unique backup filenames" name="New-ACLBackup.Core Functionality.Should generate unique backup filenames" time="0" asserts="0" success="False" result="Failure" executed="True">
                    <failure>
                      <message>This test should run but it did not. Most likely a setup in some parent block failed.</message>
                      <stack-trace />
                    </failure>
                  </test-case>
                  <test-case description="Should include metadata in backup" name="New-ACLBackup.Core Functionality.Should include metadata in backup" time="0" asserts="0" success="False" result="Failure" executed="True">
                    <failure>
[...]
                    <failure>
                      <message>ParameterBindingException: A parameter cannot be found that matches parameter name 'LogPath'.</message>
                      <stack-trace>at &lt;ScriptBlock&gt;, C:\temp\Find-UnknownSID\Tests\Unit\Reporting.Tests.ps1:682</stack-trace>
                    </failure>
                  </test-case>
                  <test-case description="Should identify security-related events" name="Get-LogFileSummary.Advanced Analysis Features.Should identify security-related events" time="0.0464" asserts="0" success="False" result="Failure" executed="True">
                    <failure>
                      <message>ParameterBindingException: A parameter cannot be found that matches parameter name 'LogPath'.</message>
                      <stack-trace>at &lt;ScriptBlock&gt;, C:\temp\Find-UnknownSID\Tests\Unit\Reporting.Tests.ps1:698</stack-trace>
                    </failure>
                  </test-case>
                  <test-case description="Should support custom log parsing patterns" name="Get-LogFileSummary.Advanced Analysis Features.Should support custom log parsing patterns" time="0.0415" asserts="0" success="False" result="Failure" executed="True">
                    <failure>
                      <message>ParameterBindingException: A parameter cannot be found that matches parameter name 'LogPath'.</message>
                      <stack-trace>at &lt;ScriptBlock&gt;, C:\temp\Find-UnknownSID\Tests\Unit\Reporting.Tests.ps1:719</stack-trace>
                    </failure>
                  </test-case>
                </results>
              </test-suite>
              <test-suite type="TestFixture" name="Get-LogFileSummary.Error Handling and Robustness" executed="True" result="Failure" success="False" time="0.7315" asserts="0" description="Get-LogFileSummary.Error Handling and Robustness">
                <results>
                  <test-case description="Should handle corrupted log files gracefully" name="Get-LogFileSummary.Error Handling and Robustness.Should handle corrupted log files gracefully" time="0.0504" asserts="0" success="False" result="Failure" executed="True">
                    <failure>
                      <message>ParameterBindingException: A parameter cannot be found that matches parameter name 'LogPath'.</message>
                      <stack-trace>at &lt;ScriptBlock&gt;, C:\temp\Find-UnknownSID\Tests\Unit\Reporting.Tests.ps1:732</stack-trace>
                    </failure>
                  </test-case>
                  <test-case description="Should handle very large log files efficiently" name="Get-LogFileSummary.Error Handling and Robustness.Should handle very large log files efficiently" time="0.0425" asserts="0" success="False" result="Failure" executed="True">
                    <failure>
                      <message>ParameterBindingException: A parameter cannot be found that matches parameter name 'LogPath'.</message>
                      <stack-trace>at &lt;ScriptBlock&gt;, C:\temp\Find-UnknownSID\Tests\Unit\Reporting.Tests.ps1:746</stack-trace>
                    </failure>
                  </test-case>
                  <test-case description="Should handle empty log directories" name="Get-LogFileSummary.Error Handling and Robustness.Should handle empty log directories" time="0.0346" asserts="0" success="False" result="Failure" executed="True">
                    <failure>
                      <message>ParameterBindingException: A parameter cannot be found that matches parameter name 'LogPath'.</message>
                      <stack-trace>at &lt;ScriptBlock&gt;, C:\temp\Find-UnknownSID\Tests\Unit\Reporting.Tests.ps1:756</stack-trace>
                    </failure>
                  </test-case>
                </results>
              </test-suite>
              <test-suite type="TestFixture" name="Get-LogFileSummary.Performance and Scalability" executed="True" result="Failure" success="False" time="0.8427" asserts="0" description="Get-LogFileSummary.Performance and Scalability">
                <results>
                  <test-case description="Should process multiple log files efficiently" name="Get-LogFileSummary.Performance and Scalability.Should process multiple log files efficiently" time="0.0585" asserts="0" success="False" result="Failure" executed="True">
                    <failure>
                      <message>ParameterBindingException: A parameter cannot be found that matches parameter name 'LogPath'.</message>
                      <stack-trace>at &lt;ScriptBlock&gt;, C:\temp\Find-UnknownSID\Tests\Unit\Reporting.Tests.ps1:770</stack-trace>
                    </failure>
                  </test-case>
                  <test-case description="Should support parallel processing for large log sets" name="Get-LogFileSummary.Performance and Scalability.Should support parallel processing for large log sets" time="0.0452" asserts="0" success="False" result="Failure" executed="True">
                    <failure>
                      <message>ParameterBindingException: A parameter cannot be found that matches parameter name 'LogPath'.</message>
                      <stack-trace>at &lt;ScriptBlock&gt;, C:\temp\Find-UnknownSID\Tests\Unit\Reporting.Tests.ps1:781</stack-trace>
                    </failure>
                  </test-case>
                </results>
              </test-suite>
              <test-suite type="TestFixture" name="Get-LogFileSummary.Audit and Compliance" executed="True" result="Failure" success="False" time="0.9399" asserts="0" description="Get-LogFileSummary.Audit and Compliance">
                <results>
                  <test-case description="Should log analysis operations with correlation ID" name="Get-LogFileSummary.Audit and Compliance.Should log analysis operations with correlation ID" time="0.0415" asserts="0" success="False" result="Failure" executed="True">
                    <failure>
                      <message>ParameterBindingException: A parameter cannot be found that matches parameter name 'LogPath'.</message>
                      <stack-trace>at &lt;ScriptBlock&gt;, C:\temp\Find-UnknownSID\Tests\Unit\Reporting.Tests.ps1:793</stack-trace>
                    </failure>
                  </test-case>
                  <test-case description="Should generate compliance reports" name="Get-LogFileSummary.Audit and Compliance.Should generate compliance reports" time="0.0483" asserts="0" success="False" result="Failure" executed="True">
                    <failure>
                      <message>ParameterBindingException: A parameter cannot be found that matches parameter name 'LogPath'.</message>
                      <stack-trace>at &lt;ScriptBlock&gt;, C:\temp\Find-UnknownSID\Tests\Unit\Reporting.Tests.ps1:807</stack-trace>
                    </failure>
                  </test-case>
                </results>
              </test-suite>
            </results>
          </test-suite>
        </results>
      </test-suite>
      <test-suite type="TestFixture" name="C:\temp\Find-UnknownSID\Tests\Unit\Security.Tests.ps1" executed="True" result="Failure" success="False" time="2.2472" asserts="0" description="C:\temp\Find-UnknownSID\Tests\Unit\Security.Tests.ps1">
        <results>
          <test-suite type="TestFixture" name="Test-PathTraversal" executed="True" result="Failure" success="False" time="0" asserts="0" description="Test-PathTraversal">
            <results>
              <test-suite type="TestFixture" name="Test-PathTraversal.Parameter Validation" executed="True" result="Failure" success="False" time="0" asserts="0" description="Test-PathTraversal.Parameter Validation">
                <results>
                  <test-case description="Should require Path parameter" name="Test-PathTraversal.Parameter Validation.Should require Path parameter" time="0" asserts="0" success="False" result="Failure" executed="True">
                    <failure>
                      <message>This test should run but it did not. Most likely a setup in some parent block failed.</message>
                      <stack-trace />
                    </failure>
                  </test-case>
                  <test-case description="Should accept valid file paths" name="Test-PathTraversal.Parameter Validation.Should accept valid file paths" time="0" asserts="0" success="False" result="Failure" executed="True">
                    <failure>
                      <message>This test should run but it did not. Most likely a setup in some parent block failed.</message>
                      <stack-trace />
                    </failure>
                  </test-case>
                  <test-case description="Should accept correlation ID parameter" name="Test-PathTraversal.Parameter Validation.Should accept correlation ID parameter" time="0" asserts="0" success="False" result="Failure" executed="True">
                    <failure>
                      <message>This test should run but it did not. Most likely a setup in some parent block failed.</message>
                      <stack-trace />
                    </failure>
                  </test-case>
                </results>
              </test-suite>
              <test-suite type="TestFixture" name="Test-PathTraversal.Path Traversal Detection" executed="True" result="Failure" success="False" time="0" asserts="0" description="Test-PathTraversal.Path Traversal Detection">
                <results>
                  <test-suite type="ParameterizedTest" name="Test-PathTraversal.Path Traversal Detection.Should detect path traversal attempts" executed="True" result="Failure" success="False" time="0" asserts="0" description="Should detect path traversal attempts">
                    <results>
                      <test-case description="Should detect path traversal attempts" name="Test-PathTraversal.Path Traversal Detection.Should detect path traversal attempts(&quot;..\..\windows\system32\cmd.exe&quot;,&quot;Windows path traversal&quot;)" time="0" asserts="0" success="False" result="Failure" executed="True">
                        <failure>
                          <message>This test should run but it did not. Most likely a setup in some parent block failed.</message>
                          <stack-trace />
                        </failure>
                      </test-case>
                      <test-case description="Should detect path traversal attempts" name="Test-PathTraversal.Path Traversal Detection.Should detect path traversal attempts(&quot;../../etc/passwd&quot;,&quot;Unix path traversal&quot;)" time="0" asserts="0" success="False" result="Failure" executed="True">
                        <failure>
                          <message>This test should run but it did not. Most likely a setup in some parent block failed.</message>
                          <stack-trace />
                        </failure>
                      </test-case>
                      <test-case description="Should detect path traversal attempts" name="Test-PathTraversal.Path Traversal Detection.Should detect path traversal attempts(&quot;..\..\..\autoexec.bat&quot;,&quot;Multiple directory traversal&quot;)" time="0" asserts="0" success="False" result="Failure" executed="True">
                        <failure>
                          <message>This test should run but it did not. Most likely a setup in some parent block failed.</message>
                          <stack-trace />
                        </failure>
                      </test-case>
                      <test-case description="Should detect path traversal attempts" name="Test-PathTraversal.Path Traversal Detection.Should detect path traversal attempts(&quot;C:\temp\..\..\..\windows\system32&quot;,&quot;Mixed valid and traversal&quot;)" time="0" asserts="0" success="False" result="Failure" executed="True">
                        <failure>
                          <message>This test should run but it did not. Most likely a setup in some parent block failed.</message>
                          <stack-trace />
                        </failure>
                      </test-case>
                      <test-case description="Should detect path traversal attempts" name="Test-PathTraversal.Path Traversal Detection.Should detect path traversal attempts(&quot;\\?\C:\temp\..\..\windows&quot;,&quot;UNC path traversal&quot;)" time="0" asserts="0" success="False" result="Failure" executed="True">
                        <failure>
                          <message>This test should run but it did not. Most likely a setup in some parent block failed.</message>
                          <stack-trace />
                        </failure>
                      </test-case>
                      <test-case description="Should detect path traversal attempts" name="Test-PathTraversal.Path Traversal Detection.Should detect path traversal attempts(&quot;file:///../../../etc/passwd&quot;,&quot;File URI traversal&quot;)" time="0" asserts="0" success="False" result="Failure" executed="True">
                        <failure>
                          <message>This test should run but it did not. Most likely a setup in some parent block failed.</message>
                          <stack-trace />
                        </failure>
                      </test-case>
                    </results>
                  </test-suite>
                  <test-suite type="ParameterizedTest" name="Test-PathTraversal.Path Traversal Detection.Should allow valid paths" executed="True" result="Failure" success="False" time="0" asserts="0" description="Should allow valid paths">
                    <results>
                      <test-case description="Should allow valid paths" name="Test-PathTraversal.Path Traversal Detection.Should allow valid paths(&quot;C:\Logs\application.log&quot;,&quot;Standard Windows path&quot;)" time="0" asserts="0" success="False" result="Failure" executed="True">
                        <failure>
                          <message>This test should run but it did not. Most likely a setup in some parent block failed.</message>
                          <stack-trace />
                        </failure>
                      </test-case>
                      <test-case description="Should allow valid paths" name="Test-PathTraversal.Path Traversal Detection.Should allow valid paths(&quot;/var/log/application.log&quot;,&quot;Standard Unix path&quot;)" time="0" asserts="0" success="False" result="Failure" executed="True">
                        <failure>
                          <message>This test should run but it did not. Most likely a setup in some parent block failed.</message>
                          <stack-trace />
                        </failure>
                      </test-case>
                      <test-case description="Should allow valid paths" name="Test-PathTraversal.Path Traversal Detection.Should allow valid paths(&quot;.\logs\current.log&quot;,&quot;Relative path without traversal&quot;)" time="0" asserts="0" success="False" result="Failure" executed="True">
                        <failure>
                          <message>This test should run but it did not. Most likely a setup in some parent block failed.</message>
                          <stack-trace />
                        </failure>
                      </test-case>
                      <test-case description="Should allow valid paths" name="Test-PathTraversal.Path Traversal Detection.Should allow valid paths(&quot;C:\Program Files\Application\config.xml&quot;,&quot;Program Files path&quot;)" time="0" asserts="0" success="False" result="Failure" executed="True">
                        <failure>
                          <message>This test should run but it did not. Most likely a setup in some parent block failed.</message>
                          <stack-trace />
                        </failure>
                      </test-case>
                      <test-case description="Should allow valid paths" name="Test-PathTraversal.Path Traversal Detection.Should allow valid paths(&quot;\\server\share\file.txt&quot;,&quot;UNC path without traversal&quot;)" time="0" asserts="0" success="False" result="Failure" executed="True">
                        <failure>
                          <message>This test should run but it did not. Most likely a setup in some parent block failed.</message>
                          <stack-trace />
                        </failure>
                      </test-case>
                    </results>
                  </test-suite>
                  <test-suite type="ParameterizedTest" name="Test-PathTraversal.Path Traversal Detection.Should detect encoded path traversal attempts" executed="True" result="Failure" success="False" time="0" asserts="0" description="Should detect encoded path traversal attempts">
                    <results>
                      <test-case description="Should detect encoded path traversal attempts" name="Test-PathTraversal.Path Traversal Detection.Should detect encoded path traversal attempts(&quot;%2e%2e%2f%2e%2e%2fetc%2fpasswd&quot;,&quot;URL encoded traversal&quot;)" time="0" asserts="0" success="False" result="Failure" executed="True">
                        <failure>
                          <message>This test should run but it did not. Most likely a setup in some parent block failed.</message>
                          <stack-trace />
                        </failure>
                      </test-case>
                      <test-case description="Should detect encoded path traversal attempts" name="Test-PathTraversal.Path Traversal Detection.Should detect encoded path traversal attempts(&quot;..%252f..%252fetc%252fpasswd&quot;,&quot;Double URL encoded&quot;)" time="0" asserts="0" success="False" result="Failure" executed="True">
                        <failure>
                          <message>This test should run but it did not. Most likely a setup in some parent block failed.</message>
                          <stack-trace />
                        </failure>
                      </test-case>
                      <test-case description="Should detect encoded path traversal attempts" name="Test-PathTraversal.Path Traversal Detection.Should detect encoded path traversal attempts(&quot;..%c0%af..%c0%afetc%c0%afpasswd&quot;,&quot;Unicode encoded traversal&quot;)" time="0" asserts="0" success="False" result="Failure" executed="True">
                        <failure>
                          <message>This test should run but it did not. Most likely a setup in some parent block failed.</message>
                          <stack-trace />
                        </failure>
                      </test-case>
                    </results>
                  </test-suite>
                  <test-suite type="ParameterizedTest" name="Test-PathTraversal.Path Traversal Detection.Should detect null byte injection attempts" executed="True" result="Failure" success="False" time="0" asserts="0" description="Should detect null byte injection attempts">
                    <results>
                      <test-case description="Should detect null byte injection attempts" name="Test-PathTraversal.Path Traversal Detection.Should detect null byte injection attempts(&quot;legitimate.txt%00../../etc/passwd&quot;,&quot;Null byte injection&quot;)" time="0" asserts="0" success="False" result="Failure" executed="True">
                        <failure>
                          <message>This test should run but it did not. Most likely a setup in some parent block failed.</message>
                          <stack-trace />
                        </failure>
                      </test-case>
                      <test-case description="Should detect null byte injection attempts" name="