<?xml version="1.0" encoding="utf-8" standalone="no"?>
<test-results xmlns:xsi="http://www.w3.org/2001/XMLSchema-instance" xsi:noNamespaceSchemaLocation="nunit_schema_2.5.xsd" name="Pester" total="81" errors="0" failures="75" not-run="0" inconclusive="0" ignored="0" skipped="0" invalid="0" date="2025-07-06" time="18:07:51">
  <environment clr-version="4.0.30319.42000" user-domain="mylab" cwd="C:\temp\Find-UnknownSID" platform="Microsoft Windows Server 2022 Standard Evaluation|C:\Windows|\Device\Harddisk0\Partition3" machine-name="WIN-5CFD2T5K7AL" nunit-version="2.5.8.0" os-version="10.0.20348" user="administrator" />
  <culture-info current-culture="en-US" current-uiculture="en-US" />
  <test-suite type="TestFixture" name="Pester" executed="True" result="Failure" success="False" time="10.2321" asserts="0" description="Pester">
    <results>
      <test-suite type="TestFixture" name="C:\temp\Find-UnknownSID\Tests\Security\Compliance-Validation.Tests.ps1" executed="True" result="Failure" success="False" time="0.4243" asserts="0" description="C:\temp\Find-UnknownSID\Tests\Security\Compliance-Validation.Tests.ps1">
        <results>
          <test-suite type="TestFixture" name="SOX (Sarbanes-Oxley) Compliance Tests" executed="True" result="Failure" success="False" time="0" asserts="0" description="SOX (Sarbanes-Oxley) Compliance Tests">
            <results>
              <test-suite type="TestFixture" name="SOX (Sarbanes-Oxley) Compliance Tests.Section 302 - Corporate Responsibility" executed="True" result="Failure" success="False" time="0" asserts="0" description="SOX (Sarbanes-Oxley) Compliance Tests.Section 302 - Corporate Responsibility">
                <results>
                  <test-case description="Should enforce executive certification requirements" name="SOX (Sarbanes-Oxley) Compliance Tests.Section 302 - Corporate Responsibility.Should enforce executive certification requirements" time="0" asserts="0" success="False" result="Failure" executed="True">
                    <failure>
                      <message>This test should run but it did not. Most likely a setup in some parent block failed.</message>
                      <stack-trace />
                    </failure>
                  </test-case>
                  <test-case description="Should maintain executive accountability documentation" name="SOX (Sarbanes-Oxley) Compliance Tests.Section 302 - Corporate Responsibility.Should maintain executive accountability documentation" time="0" asserts="0" success="False" result="Failure" executed="True">
                    <failure>
                      <message>This test should run but it did not. Most likely a setup in some parent block failed.</message>
                      <stack-trace />
                    </failure>
                  </test-case>
                </results>
              </test-suite>
              <test-suite type="TestFixture" name="SOX (Sarbanes-Oxley) Compliance Tests.Section 404 - Management Assessment of Internal Controls" executed="True" result="Failure" success="False" time="0" asserts="0" description="SOX (Sarbanes-Oxley) Compliance Tests.Section 404 - Management Assessment of Internal Controls">
                <results>
                  <test-case description="Should validate internal control effectiveness" name="SOX (Sarbanes-Oxley) Compliance Tests.Section 404 - Management Assessment of Internal Controls.Should validate internal control effectiveness" time="0" asserts="0" success="False" result="Failure" executed="True">
                    <failure>
                      <message>This test should run but it did not. Most likely a setup in some parent block failed.</message>
                      <stack-trace />
                    </failure>
                  </test-case>
                  <test-case description="Should document control deficiencies and remediation" name="SOX (Sarbanes-Oxley) Compliance Tests.Section 404 - Management Assessment of Internal Controls.Should document control deficiencies and remediation" time="0" asserts="0" success="False" result="Failure" executed="True">
                    <failure>
                      <message>This test should run but it did not. Most likely a setup in some parent block failed.</message>
                      <stack-trace />
                    </failure>
                  </test-case>
                </results>
              </test-suite>
            </results>
          </test-suite>
          <test-suite type="TestFixture" name="GDPR (General Data Protection Regulation) Compliance Tests" executed="True" result="Failure" success="False" time="0" asserts="0" description="GDPR (General Data Protection Regulation) Compliance Tests">
            <results>
              <test-suite type="TestFixture" name="GDPR (General Data Protection Regulation) Compliance Tests.Article 25 - Data Protection by Design and Default" executed="True" result="Failure" success="False" time="0" asserts="0" description="GDPR (General Data Protection Regulation) Compliance Tests.Article 25 - Data Protection by Design and Default">
                <results>
                  <test-case description="Should implement privacy by design principles" name="GDPR (General Data Protection Regulation) Compliance Tests.Article 25 - Data Protection by Design and Default.Should implement privacy by design principles" time="0" asserts="0" success="False" result="Failure" executed="True">
                    <failure>
                      <message>This test should run but it did not. Most likely a setup in some parent block failed.</message>
                      <stack-trace />
                    </failure>
                  </test-case>
                  <test-case description="Should demonstrate accountability and governance" name="GDPR (General Data Protection Regulation) Compliance Tests.Article 25 - Data Protection by Design and Default.Should demonstrate accountability and governance" time="0" asserts="0" success="False" result="Failure" executed="True">
                    <failure>
                      <message>This test should run but it did not. Most likely a setup in some parent block failed.</message>
                      <stack-trace />
                    </failure>
                  </test-case>
                </results>
              </test-suite>
              <test-suite type="TestFixture" name="GDPR (General Data Protection Regulation) Compliance Tests.Article 30 - Records of Processing Activities" executed="True" result="Failure" success="False" time="0" asserts="0" description="GDPR (General Data Protection Regulation) Compliance Tests.Article 30 - Records of Processing Activities">
                <results>
                  <test-case description="Should maintain comprehensive processing records" name="GDPR (General Data Protection Regulation) Compliance Tests.Article 30 - Records of Processing Activities.Should maintain comprehensive processing records" time="0" asserts="0" success="False" result="Failure" executed="True">
                    <failure>
                      <message>This test should run but it did not. Most likely a setup in some parent block failed.</message>
                      <stack-trace />
                    </failure>
                  </test-case>
                  <test-case description="Should track data subject rights and requests" name="GDPR (General Data Protection Regulation) Compliance Tests.Article 30 - Records of Processing Activities.Should track data subject rights and requests" time="0" asserts="0" success="False" result="Failure" executed="True">
                    <failure>
                      <message>This test should run but it did not. Most likely a setup in some parent block failed.</message>
                      <stack-trace />
                    </failure>
                  </test-case>
                </results>
              </test-suite>
            </results>
          </test-suite>
          <test-suite type="TestFixture" name="HIPAA Compliance Tests" executed="True" result="Failure" success="False" time="0" asserts="0" description="HIPAA Compliance Tests">
            <results>
              <test-suite type="TestFixture" name="HIPAA Compliance Tests.164.308 - Administrative Safeguards" executed="True" result="Failure" success="False" time="0" asserts="0" description="HIPAA Compliance Tests.164.308 - Administrative Safeguards">
                <results>
                  <test-case description="Should implement security officer designation" name="HIPAA Compliance Tests.164.308 - Administrative Safeguards.Should implement security officer designation" time="0" asserts="0" success="False" result="Failure" executed="True">
                    <failure>
                      <message>This test should run but it did not. Most likely a setup in some parent block failed.</message>
                      <stack-trace />
                    </failure>
                  </test-case>
                  <test-case description="Should enforce workforce training requirements" name="HIPAA Compliance Tests.164.308 - Administrative Safeguards.Should enforce workforce training requirements" time="0" asserts="0" success="False" result="Failure" executed="True">
                    <failure>
                      <message>This test should run but it did not. Most likely a setup in some parent block failed.</message>
                      <stack-trace />
                    </failure>
                  </test-case>
                </results>
              </test-suite>
              <test-suite type="TestFixture" name="HIPAA Compliance Tests.164.312 - Technical Safeguards" executed="True" result="Failure" success="False" time="0" asserts="0" description="HIPAA Compliance Tests.164.312 - Technical Safeguards">
                <results>
                  <test-case description="Should implement access control mechanisms" name="HIPAA Compliance Tests.164.312 - Technical Safeguards.Should implement access control mechanisms" time="0" asserts="0" success="False" result="Failure" executed="True">
                    <failure>
                      <message>This test should run but it did not. Most likely a setup in some parent block failed.</message>
                      <stack-trace />
                    </failure>
                  </test-case>
                  <test-case description="Should implement audit controls and monitoring" name="HIPAA Compliance Tests.164.312 - Technical Safeguards.Should implement audit controls and monitoring" time="0" asserts="0" success="False" result="Failure" executed="True">
                    <failure>
                      <message>This test should run but it did not. Most likely a setup in some parent block failed.</message>
                      <stack-trace />
                    </failure>
                  </test-case>
                </results>
              </test-suite>
            </results>
          </test-suite>
          <test-suite type="TestFixture" name="PCI-DSS Compliance Tests" executed="True" result="Failure" success="False" time="0" asserts="0" description="PCI-DSS Compliance Tests">
            <results>
              <test-suite type="TestFixture" name="PCI-DSS Compliance Tests.Requirement 7 - Restrict Access by Business Need-to-Know" executed="True" result="Failure" success="False" time="0" asserts="0" description="PCI-DSS Compliance Tests.Requirement 7 - Restrict Access by Business Need-to-Know">
                <results>
                  <test-case description="Should implement role-based access controls" name="PCI-DSS Compliance Tests.Requirement 7 - Restrict Access by Business Need-to-Know.Should implement role-based access controls" time="0" asserts="0" success="False" result="Failure" executed="True">
                    <failure>
                      <message>This test should run but it did not. Most likely a setup in some parent block failed.</message>
                      <stack-trace />
                    </failure>
                  </test-case>
                </results>
              </test-suite>
              <test-suite type="TestFixture" name="PCI-DSS Compliance Tests.Requirement 10 - Log and Monitor All Network Resources" executed="True" result="Failure" success="False" time="0" asserts="0" description="PCI-DSS Compliance Tests.Requirement 10 - Log and Monitor All Network Resources">
                <results>
                  <test-case description="Should maintain comprehensive security logs" name="PCI-DSS Compliance Tests.Requirement 10 - Log and Monitor All Network Resources.Should maintain comprehensive security logs" time="0" asserts="0" success="False" result="Failure" executed="True">
                    <failure>
                      <message>This test should run but it did not. Most likely a setup in some parent block failed.</message>
                      <stack-trace />
                    </failure>
                  </test-case>
                </results>
              </test-suite>
            </results>
          </test-suite>
          <test-suite type="TestFixture" name="ISO 27001 Compliance Tests" executed="True" result="Failure" success="False" time="0" asserts="0" description="ISO 27001 Compliance Tests">
            <results>
              <test-suite type="TestFixture" name="ISO 27001 Compliance Tests.A.9 - Access Management" executed="True" result="Failure" success="False" time="0" asserts="0" description="ISO 27001 Compliance Tests.A.9 - Access Management">
                <results>
                  <test-case description="Should implement systematic access management" name="ISO 27001 Compliance Tests.A.9 - Access Management.Should implement systematic access management" time="0" asserts="0" success="False" result="Failure" executed="True">
                    <failure>
                      <message>This test should run but it did not. Most likely a setup in some parent block failed.</message>
                      <stack-trace />
                    </failure>
                  </test-case>
                </results>
              </test-suite>
            </results>
          </test-suite>
          <test-suite type="TestFixture" name="Cross-Framework Compliance Integration" executed="True" result="Failure" success="False" time="0" asserts="0" description="Cross-Framework Compliance Integration">
            <results>
              <test-case description="Should demonstrate unified compliance across multiple frameworks" name="Cross-Framework Compliance Integration.Should demonstrate unified compliance across multiple frameworks" time="0" asserts="0" success="False" result="Failure" executed="True">
                <failure>
                  <message>This test should run but it did not. Most likely a setup in some parent block failed.</message>
                  <stack-trace />
                </failure>
              </test-case>
              <test-case description="Should generate comprehensive compliance report" name="Cross-Framework Compliance Integration.Should generate comprehensive compliance report" time="0" asserts="0" success="False" result="Failure" executed="True">
                <failure>
                  <message>This test should run but it did not. Most likely a setup in some parent block failed.</message>
                  <stack-trace />
                </failure>
              </test-case>
            </results>
          </test-suite>
        </results>
      </test-suite>
      <test-suite type="TestFixture" name="C:\temp\Find-UnknownSID\Tests\Security\Injection-Prevention.Tests.ps1" executed="True" result="Failure" success="False" time="0.7597" asserts="0" description="C:\temp\Find-UnknownSID\Tests\Security\Injection-Prevention.Tests.ps1">
        <results>
          <test-suite type="TestFixture" name="Injection Attack Prevention" executed="True" result="Failure" success="False" time="0" asserts="0" description="Injection Attack Prevention">
            <results>
              <test-suite type="TestFixture" name="Injection Attack Prevention.LDAP Injection Prevention" executed="True" result="Failure" success="False" time="0" asserts="0" description="Injection Attack Prevention.LDAP Injection Prevention">
                <results>
                  <test-suite type="ParameterizedTest" name="Injection Attack Prevention.LDAP Injection Prevention.Should prevent LDAP injection in SID queries for malicious input: &lt;MaliciousInput&gt;" executed="True" result="Failure" success="False" time="0" asserts="0" description="Should prevent LDAP injection in SID queries for malicious input: &lt;MaliciousInput&gt;">
                    <results>
                      <test-case description="Should prevent LDAP injection in SID queries for malicious input: &lt;MaliciousInput&gt;" name="Injection Attack Prevention.LDAP Injection Prevention.Should prevent LDAP injection in SID queries for malicious input: &lt;MaliciousInput&gt;(null)" time="0" asserts="0" success="False" result="Failure" executed="True">
                        <failure>
                          <message>This test should run but it did not. Most likely a setup in some parent block failed.</message>
                          <stack-trace />
                        </failure>
                      </test-case>
                    </results>
                  </test-suite>
                  <test-case description="Should sanitize input parameters for AD queries" name="Injection Attack Prevention.LDAP Injection Prevention.Should sanitize input parameters for AD queries" time="0" asserts="0" success="False" result="Failure" executed="True">
                    <failure>
                      <message>This test should run but it did not. Most likely a setup in some parent block failed.</message>
                      <stack-trace />
                    </failure>
                  </test-case>
                  <test-case description="Should validate SID format to prevent injection" name="Injection Attack Prevention.LDAP Injection Prevention.Should validate SID format to prevent injection" time="0" asserts="0" success="False" result="Failure" executed="True">
                    <failure>
                      <message>This test should run but it did not. Most likely a setup in some parent block failed.</message>
                      <stack-trace />
                    </failure>
                  </test-case>
                </results>
              </test-suite>
              <test-suite type="TestFixture" name="Injection Attack Prevention.PowerShell Injection Prevention" executed="True" result="Failure" success="False" time="0" asserts="0" description="Injection Attack Prevention.PowerShell Injection Prevention">
                <results>
                  <test-case description="Should prevent PowerShell code injection" name="Injection Attack Prevention.PowerShell Injection Prevention.Should prevent PowerShell code injection" time="0" asserts="0" success="False" result="Failure" executed="True">
                    <failure>
                      <message>This test should run but it did not. Most likely a setup in some parent block failed.</message>
                      <stack-trace />
                    </failure>
                  </test-case>
                  <test-case description="Should prevent command substitution attacks" name="Injection Attack Prevention.PowerShell Injection Prevention.Should prevent command substitution attacks" time="0" asserts="0" success="False" result="Failure" executed="True">
                    <failure>
                      <message>This test should run but it did not. Most likely a setup in some parent block failed.</message>
                      <stack-trace />
                    </failure>
                  </test-case>
                  <test-case description="Should validate file paths to prevent traversal" name="Injection Attack Prevention.PowerShell Injection Prevention.Should validate file paths to prevent traversal" time="0" asserts="0" success="False" result="Failure" executed="True">
                    <failure>
                      <message>This test should run but it did not. Most likely a setup in some parent block failed.</message>
                      <stack-trace />
                    </failure>
                  </test-case>
                </results>
              </test-suite>
              <test-suite type="TestFixture" name="Injection Attack Prevention.File System Injection Prevention" executed="True" result="Failure" success="False" time="0" asserts="0" description="Injection Attack Prevention.File System Injection Prevention">
                <results>
                  <test-case description="Should prevent directory traversal attacks" name="Injection Attack Prevention.File System Injection Prevention.Should prevent directory traversal attacks" time="0" asserts="0" success="False" result="Failure" executed="True">
                    <failure>
                      <message>This test should run but it did not. Most likely a setup in some parent block failed.</message>
                      <stack-trace />
                    </failure>
                  </test-case>
                  <test-case description="Should validate backup file paths" name="Injection Attack Prevention.File System Injection Prevention.Should validate backup file paths" time="0" asserts="0" success="False" result="Failure" executed="True">
                    <failure>
                      <message>This test should run but it did not. Most likely a setup in some parent block failed.</message>
                      <stack-trace />
                    </failure>
                  </test-case>
                </results>
              </test-suite>
            </results>
          </test-suite>
          <test-suite type="TestFixture" name="Privilege Escalation Prevention" executed="True" result="Failure" success="False" time="0" asserts="0" description="Privilege Escalation Prevention">
            <results>
              <test-suite type="TestFixture" name="Privilege Escalation Prevention.Access Control Validation" executed="True" result="Failure" success="False" time="0" asserts="0" description="Privilege Escalation Prevention.Access Control Validation">
                <results>
                  <test-case description="Should log authorization attempts" name="Privilege Escalation Prevention.Access Control Validation.Should log authorization attempts" time="0" asserts="0" success="False" result="Failure" executed="True">
                    <failure>
                      <message>This test should run but it did not. Most likely a setup in some parent block failed.</message>
                      <stack-trace />
                    </failure>
                  </test-case>
                </results>
              </test-suite>
              <test-suite type="TestFixture" name="Privilege Escalation Prevention.Credential Security" executed="True" result="Failure" success="False" time="0" asserts="0" description="Privilege Escalation Prevention.Credential Security">
                <results>
                  <test-case description="Should handle credentials securely" name="Privilege Escalation Prevention.Credential Security.Should handle credentials securely" time="0" asserts="0" success="False" result="Failure" executed="True">
                    <failure>
                      <message>This test should run but it did not. Most likely a setup in some parent block failed.</message>
                      <stack-trace />
                    </failure>
                  </test-case>
                  <test-case description="Should never expose credentials in logs" name="Privilege Escalation Prevention.Credential Security.Should never expose credentials in logs" time="0" asserts="0" success="False" result="Failure" executed="True">
                    <failure>
                      <message>This test should run but it did not. Most likely a setup in some parent block failed.</message>
                      <stack-trace />
                    </failure>
                  </test-case>
                </results>
              </test-suite>
            </results>
          </test-suite>
          <test-suite type="TestFixture" name="Audit Trail Validation" executed="True" result="Failure" success="False" time="0" asserts="0" description="Audit Trail Validation">
            <results>
              <test-suite type="TestFixture" name="Audit Trail Validation.Security Event Logging" executed="True" result="Failure" success="False" time="0" asserts="0" description="Audit Trail Validation.Security Event Logging">
                <results>
                  <test-case description="Should log all security-relevant events with correlation IDs" name="Audit Trail Validation.Security Event Logging.Should log all security-relevant events with correlation IDs" time="0" asserts="0" success="False" result="Failure" executed="True">
                    <failure>
                      <message>This test should run but it did not. Most likely a setup in some parent block failed.</message>
                      <stack-trace />
                    </failure>
                  </test-case>
                  <test-case description="Should capture security context in audit logs" name="Audit Trail Validation.Security Event Logging.Should capture security context in audit logs" time="0" asserts="0" success="False" result="Failure" executed="True">
                    <failure>
                      <message>This test should run but it did not. Most likely a setup in some parent block failed.</message>
                      <stack-trace />
                    </failure>
                  </test-case>
                  <test-case description="Should maintain audit trail integrity" name="Audit Trail Validation.Security Event Logging.Should maintain audit trail integrity" time="0" asserts="0" success="False" result="Failure" executed="True">
                    <failure>
                      <message>This test should run but it did not. Most likely a setup in some parent block failed.</message>
                      <stack-trace />
                    </failure>
                  </test-case>
                </results>
              </test-suite>
            </results>
          </test-suite>
        </results>
      </test-suite>
      <test-suite type="TestFixture" name="C:\temp\Find-UnknownSID\Tests\Security\Penetration-Testing.Tests.ps1" executed="True" result="Failure" success="False" time="5.5018" asserts="0" description="C:\temp\Find-UnknownSID\Tests\Security\Penetration-Testing.Tests.ps1">
        <results>
          <test-suite type="TestFixture" name="Find-UnknownSID Penetration Testing Suite" executed="True" result="Failure" success="False" time="4.9408" asserts="0" description="Find-UnknownSID Penetration Testing Suite">
            <results>
              <test-suite type="TestFixture" name="Find-UnknownSID Penetration Testing Suite.Attack Surface Analysis" executed="True" result="Failure" success="False" time="0.2822" asserts="0" description="Find-UnknownSID Penetration Testing Suite.Attack Surface Analysis">
                <results>
                  <test-suite type="ParameterizedTest" name="Find-UnknownSID Penetration Testing Suite.Attack Surface Analysis.Should have minimal attack surface for &lt;Component&gt;" executed="True" result="Failure" success="False" time="0.1656" asserts="0" description="Should have minimal attack surface for &lt;Component&gt;">
                    <results>
                      <test-case description="Should have minimal attack surface for PublicFunctions" name="Find-UnknownSID Penetration Testing Suite.Attack Surface Analysis.Should have minimal attack surface for PublicFunctions" time="0.0354" asserts="0" success="False" result="Failure" executed="True">
                        <failure>
                          <message>CommandNotFoundException: The term 'Measure-AttackSurface' is not recognized as the name of a cmdlet, function, script file, or operable program. Check the spelling of the name, or if a path was included, verify that the path is correct and try again.</message>
                          <stack-trace>at &lt;ScriptBlock&gt;, C:\temp\Find-UnknownSID\Tests\Security\Penetration-Testing.Tests.ps1:89</stack-trace>
                        </failure>
                      </test-case>
                      <test-case description="Should have minimal attack surface for ParameterValidation" name="Find-UnknownSID Penetration Testing Suite.Attack Surface Analysis.Should have minimal attack surface for ParameterValidation" time="0.0305" asserts="0" success="False" result="Failure" executed="True">
                        <failure>
                          <message>CommandNotFoundException: The term 'Measure-AttackSurface' is not recognized as the name of a cmdlet, function, script file, or operable program. Check the spelling of the name, or if a path was included, verify that the path is correct and try again.</message>
                          <stack-trace>at &lt;ScriptBlock&gt;, C:\temp\Find-UnknownSID\Tests\Security\Penetration-Testing.Tests.ps1:89</stack-trace>
                        </failure>
                      </test-case>
                      <test-case description="Should have minimal attack surface for FileSystemAccess" name="Find-UnknownSID Penetration Testing Suite.Attack Surface Analysis.Should have minimal attack surface for FileSystemAccess" time="0.0301" asserts="0" success="False" result="Failure" executed="True">
                        <failure>
                          <message>CommandNotFoundException: The term 'Measure-AttackSurface' is not recognized as the name of a cmdlet, function, script file, or operable program. Check the spelling of the name, or if a path was included, verify that the path is correct and try again.</message>
                          <stack-trace>at &lt;ScriptBlock&gt;, C:\temp\Find-UnknownSID\Tests\Security\Penetration-Testing.Tests.ps1:89</stack-trace>
                        </failure>
                      </test-case>
                      <test-case description="Should have minimal attack surface for ActiveDirectoryAccess" name="Find-UnknownSID Penetration Testing Suite.Attack Surface Analysis.Should have minimal attack surface for ActiveDirectoryAccess" time="0.0404" asserts="0" success="False" result="Failure" executed="True">
                        <failure>
                          <message>CommandNotFoundException: The term 'Measure-AttackSurface' is not recognized as the name of a cmdlet, function, script file, or operable program. Check the spelling of the name, or if a path was included, verify that the path is correct and try again.</message>
                          <stack-trace>at &lt;ScriptBlock&gt;, C:\temp\Find-UnknownSID\Tests\Security\Penetration-Testing.Tests.ps1:89</stack-trace>
                        </failure>
                      </test-case>
                      <test-case description="Should have minimal attack surface for LoggingSystem" name="Find-UnknownSID Penetration Testing Suite.Attack Surface Analysis.Should have minimal attack surface for LoggingSystem" time="0.0293" asserts="0" success="False" result="Failure" executed="True">
                        <failure>
                          <message>CommandNotFoundException: The term 'Measure-AttackSurface' is not recognized as the name of a cmdlet, function, script file, or operable program. Check the spelling of the name, or if a path was included, verify that the path is correct and try again.</message>
                          <stack-trace>at &lt;ScriptBlock&gt;, C:\temp\Find-UnknownSID\Tests\Security\Penetration-Testing.Tests.ps1:89</stack-trace>
                        </failure>
                      </test-case>
                    </results>
                  </test-suite>
                  <test-case description="Should resist network reconnaissance attempts" name="Find-UnknownSID Penetration Testing Suite.Attack Surface Analysis.Should resist network reconnaissance attempts" time="0.0294" asserts="0" success="False" result="Failure" executed="True">
                    <failure>
                      <message>CommandNotFoundException: The term 'Invoke-NetworkReconnaissance' is not recognized as the name of a cmdlet, function, script file, or operable program. Check the spelling of the name, or if a path was included, verify that the path is correct and try again.</message>
                      <stack-trace>at &lt;ScriptBlock&gt;, C:\temp\Find-UnknownSID\Tests\Security\Penetration-Testing.Tests.ps1:98</stack-trace>
                    </failure>
                  </test-case>
                  <test-case description="Should prevent information disclosure through error messages" name="Find-UnknownSID Penetration Testing Suite.Attack Surface Analysis.Should prevent information disclosure through error messages" time="0.0786" asserts="0" success="True" result="Success" executed="True" />
                </results>
              </test-suite>
              <test-suite type="TestFixture" name="Find-UnknownSID Penetration Testing Suite.Input Fuzzing and Injection Testing" executed="True" result="Failure" success="False" time="4.2152" asserts="0" description="Find-UnknownSID Penetration Testing Suite.Input Fuzzing and Injection Testing">
                <results>
                  <test-suite type="ParameterizedTest" name="Find-UnknownSID Penetration Testing Suite.Input Fuzzing and Injection Testing.Should resist SQL injection attempts in &lt;Parameter&gt;" executed="True" result="Failure" success="False" time="0.1009" asserts="0" description="Should resist SQL injection attempts in &lt;Parameter&gt;">
                    <results>
                      <test-case description="Should resist SQL injection attempts in SearchBase" name="Find-UnknownSID Penetration Testing Suite.Input Fuzzing and Injection Testing.Should resist SQL injection attempts in SearchBase" time="0.0408" asserts="0" success="False" result="Failure" executed="True">
                        <failure>
                          <message>CommandNotFoundException: The term 'Test-SQLInjectionResistance' is not recognized as the name of a cmdlet, function, script file, or operable program. Check the spelling of the name, or if a path was included, verify that the path is correct and try again.</message>
                          <stack-trace>at &lt;ScriptBlock&gt;, C:\temp\Find-UnknownSID\Tests\Security\Penetration-Testing.Tests.ps1:141</stack-trace>
                        </failure>
                      </test-case>
                      <test-case description="Should resist SQL injection attempts in Filter" name="Find-UnknownSID Penetration Testing Suite.Input Fuzzing and Injection Testing.Should resist SQL injection attempts in Filter" time="0.0296" asserts="0" success="False" result="Failure" executed="True">
                        <failure>
                          <message>CommandNotFoundException: The term 'Test-SQLInjectionResistance' is not recognized as the name of a cmdlet, function, script file, or operable program. Check the spelling of the name, or if a path was included, verify that the path is correct and try again.</message>
                          <stack-trace>at &lt;ScriptBlock&gt;, C:\temp\Find-UnknownSID\Tests\Security\Penetration-Testing.Tests.ps1:141</stack-trace>
                        </failure>
                      </test-case>
                      <test-case description="Should resist SQL injection attempts in TargetOU" name="Find-UnknownSID Penetration Testing Suite.Input Fuzzing and Injection Testing.Should resist SQL injection attempts in TargetOU" time="0.0305" asserts="0" success="False" result="Failure" executed="True">
                        <failure>
                          <message>CommandNotFoundException: The term 'Test-SQLInjectionResistance' is not recognized as the name of a cmdlet, function, script file, or operable program. Check the spelling of the name, or if a path was included, verify that the path is correct and try again.</message>
                          <stack-trace>at &lt;ScriptBlock&gt;, C:\temp\Find-UnknownSID\Tests\Security\Penetration-Testing.Tests.ps1:141</stack-trace>
                        </failure>
                      </test-case>
                    </results>
                  </test-suite>
                  <test-case description="Should resist command injection in path parameters" name="Find-UnknownSID Penetration Testing Suite.Input Fuzzing and Injection Testing.Should resist command injection in path parameters" time="0.0476" asserts="0" success="False" result="Failure" executed="True">
                    <failure>
                      <message>Expected $null or empty, but got System.Diagnostics.Process (calc).</message>
                      <stack-trace>at $runningProcesses | Should -BeNullOrEmpty, C:\temp\Find-UnknownSID\Tests\Security\Penetration-Testing.Tests.ps1:162
at &lt;ScriptBlock&gt;, C:\temp\Find-UnknownSID\Tests\Security\Penetration-Testing.Tests.ps1:162</stack-trace>
                    </failure>
                  </test-case>
                  <test-case description="Should handle extremely large input without resource exhaustion" name="Find-UnknownSID Penetration Testing Suite.Input Fuzzing and Injection Testing.Should handle extremely large input without resource exhaustion" time="0.0298" asserts="0" success="False" result="Failure" executed="True">
                    <failure>
                      <message>CommandNotFoundException: The term 'Get-MemoryUsage' is not recognized as the name of a cmdlet, function, script file, or operable program. Check the spelling of the name, or if a path was included, verify that the path is correct and try again.</message>
                      <stack-trace>at &lt;ScriptBlock&gt;, C:\temp\Find-UnknownSID\Tests\Security\Penetration-Testing.Tests.ps1:172</stack-trace>
                    </failure>
                  </test-case>
                  <test-case description="Should resist PowerShell script injection" name="Find-UnknownSID Penetration Testing Suite.Input Fuzzing and Injection Testing.Should resist PowerShell script injection" time="3.7464" asserts="0" success="True" result="Success" executed="True" />
                </results>
              </test-suite>
              <test-suite type="TestFixture" name="Find-UnknownSID Penetration Testing Suite.Authentication and Authorization Bypass Testing" executed="True" result="Failure" success="False" time="4.3892" asserts="0" description="Find-UnknownSID Penetration Testing Suite.Authentication and Authorization Bypass Testing">
                <results>
                  <test-case description="Should prevent privilege escalation through parameter manipulation" name="Find-UnknownSID Penetration Testing Suite.Authentication and Authorization Bypass Testing.Should prevent privilege escalation through parameter manipulation" time="0.0699" asserts="0" success="True" result="Success" executed="True" />
                  <test-case description="Should validate credential strength and security" name="Find-UnknownSID Penetration Testing Suite.Authentication and Authorization Bypass Testing.Should validate credential strength and security" time="0.0677" asserts="0" success="True" result="Success" executed="True" />
                  <test-case description="Should prevent session hijacking and replay attacks" name="Find-UnknownSID Penetration Testing Suite.Authentication and Authorization Bypass Testing.Should prevent session hijacking and replay attacks" time="0.0291" asserts="0" success="False" result="Failure" executed="True">
                    <failure>
                      <message>CommandNotFoundException: The term 'Get-TestCredential' is not recognized as the name of a cmdlet, function, script file, or operable program. Check the spelling of the name, or if a path was included, verify that the path is correct and try again.</message>
                      <stack-trace>at &lt;ScriptBlock&gt;, C:\temp\Find-UnknownSID\Tests\Security\Penetration-Testing.Tests.ps1:259</stack-trace>
                    </failure>
                  </test-case>
                </results>
              </test-suite>
              <test-suite type="TestFixture" name="Find-UnknownSID Penetration Testing Suite.Data Exfiltration Prevention" executed="True" result="Failure" success="False" time="4.4898" asserts="0" description="Find-UnknownSID Penetration Testing Suite.Data Exfiltration Prevention">
                <results>
                  <test-case description="Should prevent sensitive data exposure in logs" name="Find-UnknownSID Penetration Testing Suite.Data Exfiltration Prevention.Should prevent sensitive data exposure in logs" time="0.031" asserts="0" success="False" result="Failure" executed="True">
                    <failure>
                      <message>CommandNotFoundException: The term 'Get-LogEntries' is not recognized as the name of a cmdlet, function, script file, or operable program. Check the spelling of the name, or if a path was included, verify that the path is correct and try again.</message>
                      <stack-trace>at &lt;ScriptBlock&gt;, C:\temp\Find-UnknownSID\Tests\Security\Penetration-Testing.Tests.ps1:284</stack-trace>
                    </failure>
                  </test-case>
                  <test-case description="Should prevent unauthorized file system access" name="Find-UnknownSID Penetration Testing Suite.Data Exfiltration Prevention.Should prevent unauthorized file system access" time="0.0334" asserts="0" success="False" result="Failure" executed="True">
                    <failure>
                      <message>CommandNotFoundException: The term 'Test-UnauthorizedAccess' is not recognized as the name of a cmdlet, function, script file, or operable program. Check the spelling of the name, or if a path was included, verify that the path is correct and try again.</message>
                      <stack-trace>at &lt;ScriptBlock&gt;, C:\temp\Find-UnknownSID\Tests\Security\Penetration-Testing.Tests.ps1:316</stack-trace>
                    </failure>
                  </test-case>
                  <test-case description="Should implement secure data disposal" name="Find-UnknownSID Penetration Testing Suite.Data Exfiltration Prevention.Should implement secure data disposal" time="0.029" asserts="0" success="False" result="Failure" executed="True">
                    <failure>
                      <message>CommandNotFoundException: The term 'Get-TestCredential' is not recognized as the name of a cmdlet, function, script file, or operable program. Check the spelling of the name, or if a path was included, verify that the path is correct and try again.</message>
                      <stack-trace>at &lt;ScriptBlock&gt;, C:\temp\Find-UnknownSID\Tests\Security\Penetration-Testing.Tests.ps1:329</stack-trace>
                    </failure>
                  </test-case>
                </results>
              </test-suite>
              <test-suite type="TestFixture" name="Find-UnknownSID Penetration Testing Suite.Advanced Security Boundary Testing" executed="True" result="Failure" success="False" time="4.7697" asserts="0" description="Find-UnknownSID Penetration Testing Suite.Advanced Security Boundary Testing">
                <results>
                  <test-case description="Should resist timing attacks on authentication" name="Find-UnknownSID Penetration Testing Suite.Advanced Security Boundary Testing.Should resist timing attacks on authentication" time="0.084" asserts="0" success="True" result="Success" executed="True" />
                  <test-case description="Should implement proper cryptographic practices" name="Find-UnknownSID Penetration Testing Suite.Advanced Security Boundary Testing.Should implement proper cryptographic practices" time="0.0334" asserts="0" success="False" result="Failure" executed="True">
                    <failure>
                      <message>CommandNotFoundException: The term 'Test-CryptographicSecurity' is not recognized as the name of a cmdlet, function, script file, or operable program. Check the spelling of the name, or if a path was included, verify that the path is correct and try again.</message>
                      <stack-trace>at &lt;ScriptBlock&gt;, C:\temp\Find-UnknownSID\Tests\Security\Penetration-Testing.Tests.ps1:389</stack-trace>
                    </failure>
                  </test-case>
                  <test-case description="Should prevent code injection through PowerShell constructs" name="Find-UnknownSID Penetration Testing Suite.Advanced Security Boundary Testing.Should prevent code injection through PowerShell constructs" time="0.155" asserts="0" success="True" result="Success" executed="True" />
                </results>
              </test-suite>
              <test-suite type="TestFixture" name="Find-UnknownSID Penetration Testing Suite.Compliance and Audit Trail Validation" executed="True" result="Failure" success="False" time="4.9342" asserts="0" description="Find-UnknownSID Penetration Testing Suite.Compliance and Audit Trail Validation">
                <results>
                  <test-suite type="ParameterizedTest" name="Find-UnknownSID Penetration Testing Suite.Compliance and Audit Trail Validation.Should maintain comprehensive audit trails for &lt;Framework&gt;" executed="True" result="Failure" success="False" time="0.1281" asserts="0" description="Should maintain comprehensive audit trails for &lt;Framework&gt;">
                    <results>
                      <test-case description="Should maintain comprehensive audit trails for SOX" name="Find-UnknownSID Penetration Testing Suite.Compliance and Audit Trail Validation.Should maintain comprehensive audit trails for SOX" time="0.0336" asserts="0" success="False" result="Failure" executed="True">
                        <failure>
                          <message>CommandNotFoundException: The term 'Get-ComplianceAuditLog' is not recognized as the name of a cmdlet, function, script file, or operable program. Check the spelling of the name, or if a path was included, verify that the path is correct and try again.</message>
                          <stack-trace>at &lt;ScriptBlock&gt;, C:\temp\Find-UnknownSID\Tests\Security\Penetration-Testing.Tests.ps1:430</stack-trace>
                        </failure>
                      </test-case>
                      <test-case description="Should maintain comprehensive audit trails for GDPR" name="Find-UnknownSID Penetration Testing Suite.Compliance and Audit Trail Validation.Should maintain comprehensive audit trails for GDPR" time="0.0361" asserts="0" success="False" result="Failure" executed="True">
                        <failure>
                          <message>CommandNotFoundException: The term 'Get-ComplianceAuditLog' is not recognized as the name of a cmdlet, function, script file, or operable program. Check the spelling of the name, or if a path was included, verify that the path is correct and try again.</message>
                          <stack-trace>at &lt;ScriptBlock&gt;, C:\temp\Find-UnknownSID\Tests\Security\Penetration-Testing.Tests.ps1:430</stack-trace>
                        </failure>
                      </test-case>
                      <test-case description="Should maintain comprehensive audit trails for HIPAA" name="Find-UnknownSID Penetration Testing Suite.Compliance and Audit Trail Validation.Should maintain comprehensive audit trails for HIPAA" time="0.0293" asserts="0" success="False" result="Failure" executed="True">
                        <failure>
                          <message>CommandNotFoundException: The term 'Get-ComplianceAuditLog' is not recognized as the name of a cmdlet, function, script file, or operable program. Check the spelling of the name, or if a path was included, verify that the path is correct and try again.</message>
                          <stack-trace>at &lt;ScriptBlock&gt;, C:\temp\Find-UnknownSID\Tests\Security\Penetration-Testing.Tests.ps1:430</stack-trace>
                        </failure>
                      </test-case>
                      <test-case description="Should maintain comprehensive audit trails for NIST" name="Find-UnknownSID Penetration Testing Suite.Compliance and Audit Trail Validation.Should maintain comprehensive audit trails for NIST" time="0.0292" asserts="0" success="False" result="Failure" executed="True">
                        <failure>
                          <message>CommandNotFoundException: The term 'Get-ComplianceAuditLog' is not recognized as the name of a cmdlet, function, script file, or operable program. Check the spelling of the name, or if a path was included, verify that the path is correct and try again.</message>
                          <stack-trace>at &lt;ScriptBlock&gt;, C:\temp\Find-UnknownSID\Tests\Security\Penetration-Testing.Tests.ps1:430</stack-trace>
                        </failure>
                      </test-case>
                    </results>
                  </test-suite>
                  <test-case description="Should implement proper data classification and handling" name="Find-UnknownSID Penetration Testing Suite.Compliance and Audit Trail Validation.Should implement proper data classification and handling" time="0.029" asserts="0" success="False" result="Failure" executed="True">
                    <failure>
                      <message>CommandNotFoundException: The term 'New-ClassifiedTestData' is not recognized as the name of a cmdlet, function, script file, or operable program. Check the spelling of the name, or if a path was included, verify that the path is correct and try again.</message>
                      <stack-trace>at &lt;ScriptBlock&gt;, C:\temp\Find-UnknownSID\Tests\Security\Penetration-Testing.Tests.ps1:451</stack-trace>
                    </failure>
                  </test-case>
                </results>
              </test-suite>
            </results>
          </test-suite>
          <test-suite type="TestFixture" name="Red Team Security Assessment" executed="True" result="Failure" success="False" time="5.0634" asserts="0" description="Red Team Security Assessment">
            <results>
              <test-suite type="TestFixture" name="Red Team Security Assessment.Advanced Persistent Threat (APT) Simulation" executed="True" result="Failure" success="False" time="0.0761" asserts="0" description="Red Team Security Assessment.Advanced Persistent Threat (APT) Simulation">
                <results>
                  <test-case description="Should detect and prevent lateral movement attempts" name="Red Team Security Assessment.Advanced Persistent Threat (APT) Simulation.Should detect and prevent lateral movement attempts" time="0.0348" asserts="0" success="False" result="Failure" executed="True">
                    <failure>
                      <message>CommandNotFoundException: The term 'Test-APTScenario' is not recognized as the name of a cmdlet, function, script file, or operable program. Check the spelling of the name, or if a path was included, verify that the path is correct and try again.</message>
                      <stack-trace>at &lt;ScriptBlock&gt;, C:\temp\Find-UnknownSID\Tests\Security\Penetration-Testing.Tests.ps1:480</stack-trace>
                    </failure>
                  </test-case>
                  <test-case description="Should prevent data exfiltration through covert channels" name="Red Team Security Assessment.Advanced Persistent Threat (APT) Simulation.Should prevent data exfiltration through covert channels" time="0.0299" asserts="0" success="False" result="Failure" executed="True">
                    <failure>
                      <message>CommandNotFoundException: The term 'Test-CovertChannel' is not recognized as the name of a cmdlet, function, script file, or operable program. Check the spelling of the name, or if a path was included, verify that the path is correct and try again.</message>
                      <stack-trace>at &lt;ScriptBlock&gt;, C:\temp\Find-UnknownSID\Tests\Security\Penetration-Testing.Tests.ps1:499</stack-trace>
                    </failure>
                  </test-case>
                </results>
              </test-suite>
              <test-suite type="TestFixture" name="Red Team Security Assessment.Zero-Day Exploitation Resistance" executed="True" result="Failure" success="False" time="0.1133" asserts="0" description="Red Team Security Assessment.Zero-Day Exploitation Resistance">
                <results>
                  <test-case description="Should maintain security posture against unknown attack vectors" name="Red Team Security Assessment.Zero-Day Exploitation Resistance.Should maintain security posture against unknown attack vectors" time="0.0307" asserts="0" success="False" result="Failure" executed="True">
                    <failure>
                      <message>CommandNotFoundException: The term 'Generate-UnknownAttackVectors' is not recognized as the name of a cmdlet, function, script file, or operable program. Check the spelling of the name, or if a path was included, verify that the path is correct and try again.</message>
                      <stack-trace>at &lt;ScriptBlock&gt;, C:\temp\Find-UnknownSID\Tests\Security\Penetration-Testing.Tests.ps1:511</stack-trace>
                    </failure>
                  </test-case>
                </results>
              </test-suite>
            </results>
          </test-suite>
        </results>
      </test-suite>
      <test-suite type="TestFixture" name="C:\temp\Find-UnknownSID\Tests\Security\Privilege-Escalation.Tests.ps1" executed="True" result="Failure" success="False" time="3.5464" asserts="0" description="C:\temp\Find-UnknownSID\Tests\Security\Privilege-Escalation.Tests.ps1">
        <results>
          <test-suite type="TestFixture" name="Privilege Escalation Prevention" executed="True" result="Failure" success="False" time="0" asserts="0" description="Privilege Escalation Prevention">
            <results>
              <test-suite type="TestFixture" name="Privilege Escalation Prevention.Token Privilege Validation" executed="True" result="Failure" success="False" time="0" asserts="0" description="Privilege Escalation Prevention.Token Privilege Validation">
                <results>
                  <test-case description="Should detect unauthorized privilege requests" name="Privilege Escalation Prevention.Token Privilege Validation.Should detect unauthorized privilege requests" time="0" asserts="0" success="False" result="Failure" executed="True">
                    <failure>
                      <message>This test should run but it did not. Most likely a setup in some parent block failed.</message>
                      <stack-trace />
                    </failure>
                  </test-case>
                  <test-case description="Should validate current user token integrity" name="Privilege Escalation Prevention.Token Privilege Validation.Should validate current user token integrity" time="0" asserts="0" success="False" result="Failure" executed="True">
                    <failure>
                      <message>This test should run but it did not. Most likely a setup in some parent block failed.</message>
                      <stack-trace />
                    </failure>
                  </test-case>
                  <test-case description="Should prevent token impersonation attempts" name="Privilege Escalation Prevention.Token Privilege Validation.Should prevent token impersonation attempts" time="0" asserts="0" success="False" result="Failure" executed="True">
                    <failure>
                      <message>This test should run but it did not. Most likely a setup in some parent block failed.</message>
                      <stack-trace />
                    </failure>
                  </test-case>
                </results>
              </test-suite>
              <test-suite type="TestFixture" name="Privilege Escalation Prevention.Administrative Function Protection" executed="True" result="Failure" success="False" time="0" asserts="0" description="Privilege Escalation Prevention.Administrative Function Protection">
                <results>
                  <test-case description="Should require proper authorization for administrative functions" name="Privilege Escalation Prevention.Administrative Function Protection.Should require proper authorization for administrative functions" time="0" asserts="0" success="False" result="Failure" executed="True">
                    <failure>
                      <message>This test should run but it did not. Most likely a setup in some parent block failed.</message>
                      <stack-trace />
                    </failure>
                  </test-case>
                  <test-case description="Should block unauthorized system modification attempts" name="Privilege Escalation Prevention.Administrative Function Protection.Should block unauthorized system modification attempts" time="0" asserts="0" success="False" result="Failure" executed="True">
                    <failure>
                      <message>This test should run but it did not. Most likely a setup in some parent block failed.</message>
                      <stack-trace />
                    </failure>
                  </test-case>
                  <test-case description="Should validate function caller identity" name="Privilege Escalation Prevention.Administrative Function Protection.Should validate function caller identity" time="0" asserts="0" success="False" result="Failure" executed="True">
                    <failure>
                      <message>This test should run but it did not. Most likely a setup in some parent block failed.</message>
                      <stack-trace />
                    </failure>
                  </test-case>
                </results>
              </test-suite>
              <test-suite type="TestFixture" name="Privilege Escalation Prevention.Process and Service Security" executed="True" result="Failure" success="False" time="0" asserts="0" description="Privilege Escalation Prevention.Process and Service Security">
                <results>
                  <test-case description="Should prevent unauthorized process manipulation" name="Privilege Escalation Prevention.Process and Service Security.Should prevent unauthorized process manipulation" time="0" asserts="0" success="False" result="Failure" executed="True">
                    <failure>
                      <message>This test should run but it did not. Most likely a setup in some parent block failed.</message>
                      <stack-trace />
                    </failure>
                  </test-case>
                  <test-case description="Should validate service modification permissions" name="Privilege Escalation Prevention.Process and Service Security.Should validate service modification permissions" time="0" asserts="0" success="False" result="Failure" executed="True">
                    <failure>
                      <message>This test should run but it did not. Most likely a setup in some parent block failed.</message>
                      <stack-trace />
                    </failure>
                  </test-case>
                  <test-case description="Should detect process injection attempts" name="Privilege Escalation Prevention.Process and Service Security.Should detect process injection attempts" time="0" asserts="0" success="False" result="Failure" executed="True">
                    <failure>
                      <message>This test should run but it did not. Most likely a setup in some parent block failed.</message>
                      <stack-trace />
                    </failure>
                  </test-case>
                </results>
              </test-suite>
              <test-suite type="TestFixture" name="Privilege Escalation Prevention.Registry and File System Security" executed="True" result="Failure" success="False" time="0" asserts="0" description="Privilege Escalation Prevention.Registry and File System Security">
                <results>
                  <test-case description="Should protect sensitive registry keys" name="Privilege Escalation Prevention.Registry and File System Security.Should protect sensitive registry keys" time="0" asserts="0" success="False" result="Failure" executed="True">
                    <failure>
                      <message>This test should run but it did not. Most likely a setup in some parent block failed.</message>
                      <stack-trace />
                    </failure>
                  </test-case>
                  <test-case description="Should prevent unauthorized file system access" name="Privilege Escalation Prevention.Registry and File System Security.Should prevent unauthorized file system access" time="0" asserts="0" success="False" result="Failure" executed="True">
                    <failure>
                      <message>This test should run but it did not. Most likely a setup in some parent block failed.</message>
                      <stack-trace />
                    </failure>
                  </test-case>
                </results>
              </test-suite>
              <test-suite type="TestFixture" name="Privilege Escalation Prevention.Network and Communication Security" executed="True" result="Failure" success="False" time="0" asserts="0" description="Privilege Escalation Prevention.Network and Communication Security">
                <results>
                  <test-case description="Should detect suspicious network activity" name="Privilege Escalation Prevention.Network and Communication Security.Should detect suspicious network activity" time="0" asserts="0" success="False" result="Failure" executed="True">
                    <failure>
                      <message>This test should run but it did not. Most likely a setup in some parent block failed.</message>
                      <stack-trace />
                    </failure>
                  </test-case>
                  <test-case description="Should validate certificate and encryption requirements" name="Privilege Escalation Prevention.Network and Communication Security.Should validate certificate and encryption requirements" time="0" asserts="0" success="False" result="Failure" executed="True">
                    <failure>
                      <message>This test should run but it did not. Most likely a setup in some parent block failed.</message>
                      <stack-trace />
                    </failure>
                  </test-case>
                </results>
              </test-suite>
            </results>
          </test-suite>
          <test-suite type="TestFixture" name="Authorization Control Validation" executed="True" result="Failure" success="False" time="0" asserts="0" description="Authorization Control Validation">
            <results>
              <test-suite type="TestFixture" name="Authorization Control Validation.Role-Based Access Control" executed="True" result="Failure" success="False" time="0" asserts="0" description="Authorization Control Validation.Role-Based Access Control">
                <results>
                  <test-case description="Should enforce role-based permissions" name="Authorization Control Validation.Role-Based Access Control.Should enforce role-based permissions" time="0" asserts="0" success="False" result="Failure" executed="True">
                    <failure>
                      <message>This test should run but it did not. Most likely a setup in some parent block failed.</message>
                      <stack-trace />
                    </failure>
                  </test-case>
                  <test-case description="Should validate group membership for access control" name="Authorization Control Validation.Role-Based Access Control.Should validate group membership for access control" time="0" asserts="0" success="False" result="Failure" executed="True">
                    <failure>
                      <message>This test should run but it did not. Most likely a setup in some parent block failed.</message>
                      <stack-trace />
                    </failure>
                  </test-case>
                </results>
              </test-suite>
              <test-suite type="TestFixture" name="Authorization Control Validation.Audit Trail and Compliance" executed="True" result="Failure" success="False" time="0" asserts="0" description="Authorization Control Validation.Audit Trail and Compliance">
                <results>
                  <test-case description="Should log all security-relevant events" name="Authorization Control Validation.Audit Trail and Compliance.Should log all security-relevant events" time="0" asserts="0" success="False" result="Failure" executed="True">
                    <failure>
                      <message>This test should run but it did not. Most likely a setup in some parent block failed.</message>
                      <stack-trace />
                    </failure>
                  </test-case>
                  <test-case description="Should maintain tamper-evident audit trails" name="Authorization Control Validation.Audit Trail and Compliance.Should maintain tamper-evident audit trails" time="0" asserts="0" success="False" result="Failure" executed="True">
                    <failure>
                      <message>This test should run but it did not. Most likely a setup in some parent block failed.</message>
                      <stack-trace />
                    </failure>
                  </test-case>
                </results>
              </test-suite>
            </results>
          </test-suite>
          <test-suite type="TestFixture" name="Privilege Escalation Infrastructure" executed="True" result="Failure" success="False" time="0" asserts="0" description="Privilege Escalation Infrastructure">
            <results>
              <test-suite type="TestFixture" name="Privilege Escalation Infrastructure.Security Testing Framework" executed="True" result="Failure" success="False" time="0" asserts="0" description="Privilege Escalation Infrastructure.Security Testing Framework">
                <results>
                  <test-case description="Should have comprehensive threat pattern definitions" name="Privilege Escalation Infrastructure.Security Testing Framework.Should have comprehensive threat pattern definitions" time="0" asserts="0" success="False" result="Failure" executed="True">
                    <failure>
                      <message>This test should run but it did not. Most likely a setup in some parent block failed.</message>
                      <stack-trace />
                    </failure>
                  </test-case>
                  <test-case description="Should have proper mock implementations for dangerous operations" name="Privilege Escalation Infrastructure.Security Testing Framework.Should have proper mock implementations for dangerous operations" time="0" asserts="0" success="False" result="Failure" executed="True">
                    <failure>
                      <message>This test should run but it did not. Most likely a setup in some parent block failed.</message>
                      <stack-trace />
                    </failure>
                  </test-case>
                  <test-case description="Should support correlation ID tracking for security events" name="Privilege Escalation Infrastructure.Security Testing Framework.Should support correlation ID tracking for security events" time="0" asserts="0" success="False" result="Failure" executed="True">
                    <failure>
                      <message>This test should run but it did not. Most likely a setup in some parent block failed.</message>
                      <stack-trace />
                    </failure>
                  </test-case>
                </results>
              </test-suite>
            </results>
          </test-suite>
        </results>
      </test-suite>
    </results>
  </test-suite>
</test-results>