<?xml version="1.0" encoding="utf-8" standalone="no"?>
<test-results xmlns:xsi="http://www.w3.org/2001/XMLSchema-instance" xsi:noNamespaceSchemaLocation="nunit_schema_2.5.xsd" name="Pester" total="571" errors="0" failures="512" not-run="0" inconclusive="0" ignored="0" skipped="0" invalid="0" date="2025-07-06" time="17:57:11">
  <environment clr-version="4.0.30319.42000" user-domain="mylab" cwd="C:\temp\Find-UnknownSID" platform="Microsoft Windows Server 2022 Standard Evaluation|C:\Windows|\Device\Harddisk0\Partition3" machine-name="WIN-5CFD2T5K7AL" nunit-version="2.5.8.0" os-version="10.0.20348" user="administrator" />
  <culture-info current-culture="en-US" current-uiculture="en-US" />
  <test-suite type="TestFixture" name="Pester" executed="True" result="Failure" success="False" time="6.7614" asserts="0" description="Pester">
    <results>
      <test-suite type="TestFixture" name="C:\temp\Find-UnknownSID\Tests\Unit\ACL.Tests.ps1" executed="True" result="Success" success="True" time="2.7344" asserts="0" description="C:\temp\Find-UnknownSID\Tests\Unit\ACL.Tests.ps1">
        <results>
          <test-suite type="TestFixture" name="Get-ACLForRemoval" executed="True" result="Success" success="True" time="0.8011" asserts="0" description="Get-ACLForRemoval">
            <results>
              <test-suite type="TestFixture" name="Get-ACLForRemoval.Parameter Validation" executed="True" result="Success" success="True" time="0.2722" asserts="0" description="Get-ACLForRemoval.Parameter Validation">
                <results>
                  <test-case description="Should validate mandatory Path parameter" name="Get-ACLForRemoval.Parameter Validation.Should validate mandatory Path parameter" time="0.0134" asserts="0" success="True" result="Success" executed="True" />
                  <test-case description="Should validate SID parameter format" name="Get-ACLForRemoval.Parameter Validation.Should validate SID parameter format" time="0.0185" asserts="0" success="True" result="Success" executed="True" />
                  <test-suite type="ParameterizedTest" name="Get-ACLForRemoval.Parameter Validation.Should accept valid SID formats" executed="True" result="Success" success="True" time="0.2327" asserts="0" description="Should accept valid SID formats">
                    <results>
                      <test-case description="Should accept valid SID formats" name="Get-ACLForRemoval.Parameter Validation.Should accept valid SID formats(&quot;S-1-5-21-1234567890-1234567890-1234567890-1001&quot;)" time="0.0785" asserts="0" success="True" result="Success" executed="True" />
                      <test-case description="Should accept valid SID formats" name="Get-ACLForRemoval.Parameter Validation.Should accept valid SID formats(&quot;S-1-5-32-544&quot;)" time="0.0791" asserts="0" success="True" result="Success" executed="True" />
                      <test-case description="Should accept valid SID formats" name="Get-ACLForRemoval.Parameter Validation.Should accept valid SID formats(&quot;S-1-1-0&quot;)" time="0.0751" asserts="0" success="True" result="Success" executed="True" />
                    </results>
                  </test-suite>
                </results>
              </test-suite>
              <test-suite type="TestFixture" name="Get-ACLForRemoval.ACL Retrieval Operations" executed="True" result="Success" success="True" time="0.5008" asserts="0" description="Get-ACLForRemoval.ACL Retrieval Operations">
                <results>
                  <test-case description="Should retrieve ACL for valid path" name="Get-ACLForRemoval.ACL Retrieval Operations.Should retrieve ACL for valid path" time="0.0775" asserts="0" success="True" result="Success" executed="True" />
                  <test-case description="Should handle file paths correctly" name="Get-ACLForRemoval.ACL Retrieval Operations.Should handle file paths correctly" time="0.0709" asserts="0" success="True" result="Success" executed="True" />
                  <test-case description="Should filter ACL entries by SID when specified" name="Get-ACLForRemoval.ACL Retrieval Operations.Should filter ACL entries by SID when specified" time="0.0733" asserts="0" success="True" result="Success" executed="True" />
                </results>
              </test-suite>
              <test-suite type="TestFixture" name="Get-ACLForRemoval.Error Handling" executed="True" result="Success" success="True" time="0.6709" asserts="0" description="Get-ACLForRemoval.Error Handling">
                <results>
                  <test-case description="Should handle non-existent paths gracefully" name="Get-ACLForRemoval.Error Handling.Should handle non-existent paths gracefully" time="0.0278" asserts="0" success="True" result="Success" executed="True" />
                  <test-case description="Should handle ACL access denied scenarios" name="Get-ACLForRemoval.Error Handling.Should handle ACL access denied scenarios" time="0.0409" asserts="0" success="True" result="Success" executed="True" />
                  <test-case description="Should log errors with correlation ID" name="Get-ACLForRemoval.Error Handling.Should log errors with correlation ID" time="0.091" asserts="0" success="True" result="Success" executed="True" />
                </results>
              </test-suite>
              <test-suite type="TestFixture" name="Get-ACLForRemoval.Security Validation" executed="True" result="Success" success="True" time="0.7948" asserts="0" description="Get-ACLForRemoval.Security Validation">
                <results>
                  <test-case description="Should validate path traversal attempts" name="Get-ACLForRemoval.Security Validation.Should validate path traversal attempts" time="0.0307" asserts="0" success="True" result="Success" executed="True" />
                  <test-case description="Should sanitize UNC paths appropriately" name="Get-ACLForRemoval.Security Validation.Should sanitize UNC paths appropriately" time="0.0864" asserts="0" success="True" result="Success" executed="True" />
                </results>
              </test-suite>
            </results>
          </test-suite>
          <test-suite type="TestFixture" name="Invoke-SIDRemoval" executed="True" result="Success" success="True" time="1.173" asserts="0" description="Invoke-SIDRemoval">
            <results>
              <test-suite type="TestFixture" name="Invoke-SIDRemoval.Parameter Validation" executed="True" result="Success" success="True" time="0.0659" asserts="0" description="Invoke-SIDRemoval.Parameter Validation">
                <results>
                  <test-case description="Should validate mandatory ACL parameter" name="Invoke-SIDRemoval.Parameter Validation.Should validate mandatory ACL parameter" time="0.0141" asserts="0" success="True" result="Success" executed="True" />
                  <test-case description="Should validate SID parameter format" name="Invoke-SIDRemoval.Parameter Validation.Should validate SID parameter format" time="0.0137" asserts="0" success="True" result="Success" executed="True" />
                  <test-case description="Should accept dry run parameter" name="Invoke-SIDRemoval.Parameter Validation.Should accept dry run parameter" time="0.0246" asserts="0" success="True" result="Success" executed="True" />
                </results>
              </test-suite>
              <test-suite type="TestFixture" name="Invoke-SIDRemoval.SID Removal Operations" executed="True" result="Success" success="True" time="0.1888" asserts="0" description="Invoke-SIDRemoval.SID Removal Operations">
                <results>
                  <test-case description="Should identify target SID in ACL entries" name="Invoke-SIDRemoval.SID Removal Operations.Should identify target SID in ACL entries" time="0.0278" asserts="0" success="True" result="Success" executed="True" />
                  <test-case description="Should perform dry run without modifications" name="Invoke-SIDRemoval.SID Removal Operations.Should perform dry run without modifications" time="0.0309" asserts="0" success="True" result="Success" executed="True" />
                  <test-case description="Should remove matching SID entries when not dry run" name="Invoke-SIDRemoval.SID Removal Operations.Should remove matching SID entries when not dry run" time="0.0268" asserts="0" success="True" result="Success" executed="True" />
                  <test-case description="Should preserve non-matching SID entries" name="Invoke-SIDRemoval.SID Removal Operations.Should preserve non-matching SID entries" time="0.0306" asserts="0" success="True" result="Success" executed="True" />
                </results>
              </test-suite>
              <test-suite type="TestFixture" name="Invoke-SIDRemoval.Edge Cases and Error Handling" executed="True" result="Success" success="True" time="0.287" asserts="0" description="Invoke-SIDRemoval.Edge Cases and Error Handling">
                <results>
                  <test-case description="Should handle ACL with no access entries" name="Invoke-SIDRemoval.Edge Cases and Error Handling.Should handle ACL with no access entries" time="0.0305" asserts="0" success="True" result="Success" executed="True" />
                  <test-case description="Should handle SID not found in ACL" name="Invoke-SIDRemoval.Edge Cases and Error Handling.Should handle SID not found in ACL" time="0.0331" asserts="0" success="True" result="Success" executed="True" />
                  <test-case description="Should handle ACL modification failures gracefully" name="Invoke-SIDRemoval.Edge Cases and Error Handling.Should handle ACL modification failures gracefully" time="0.0275" asserts="0" success="True" result="Success" executed="True" />
                </results>
              </test-suite>
              <test-suite type="TestFixture" name="Invoke-SIDRemoval.Audit and Logging" executed="True" result="Success" success="True" time="0.3656" asserts="0" description="Invoke-SIDRemoval.Audit and Logging">
                <results>
                  <test-case description="Should log removal operations with correlation ID" name="Invoke-SIDRemoval.Audit and Logging.Should log removal operations with correlation ID" time="0.0373" asserts="0" success="True" result="Success" executed="True" />
                  <test-case description="Should provide detailed operation results" name="Invoke-SIDRemoval.Audit and Logging.Should provide detailed operation results" time="0.0311" asserts="0" success="True" result="Success" executed="True" />
                </results>
              </test-suite>
            </results>
          </test-suite>
          <test-suite type="TestFixture" name="Set-ModifiedACL" executed="True" result="Success" success="True" time="2.2553" asserts="0" description="Set-ModifiedACL">
            <results>
              <test-suite type="TestFixture" name="Set-ModifiedACL.Parameter Validation" executed="True" result="Success" success="True" time="0.1366" asserts="0" description="Set-ModifiedACL.Parameter Validation">
                <results>
                  <test-case description="Should validate mandatory Path parameter" name="Set-ModifiedACL.Parameter Validation.Should validate mandatory Path parameter" time="0.0152" asserts="0" success="True" result="Success" executed="True" />
                  <test-case description="Should validate mandatory ACL parameter" name="Set-ModifiedACL.Parameter Validation.Should validate mandatory ACL parameter" time="0.0094" asserts="0" success="True" result="Success" executed="True" />
                  <test-case description="Should accept backup parameter" name="Set-ModifiedACL.Parameter Validation.Should accept backup parameter" time="0.1051" asserts="0" success="True" result="Success" executed="True" />
                </results>
              </test-suite>
              <test-suite type="TestFixture" name="Set-ModifiedACL.ACL Application Operations" executed="True" result="Success" success="True" time="0.4403" asserts="0" description="Set-ModifiedACL.ACL Application Operations">
                <results>
                  <test-case description="Should apply ACL to valid path" name="Set-ModifiedACL.ACL Application Operations.Should apply ACL to valid path" time="0.0594" asserts="0" success="True" result="Success" executed="True" />
                  <test-case description="Should validate path existence" name="Set-ModifiedACL.ACL Application Operations.Should validate path existence" time="0.1091" asserts="0" success="True" result="Success" executed="True" />
                  <test-case description="Should support backup functionality when available" name="Set-ModifiedACL.ACL Application Operations.Should support backup functionality when available" time="0.0706" asserts="0" success="True" result="Success" executed="True" />
                  <test-case description="Should validate ACL application success" name="Set-ModifiedACL.ACL Application Operations.Should validate ACL application success" time="0.0568" asserts="0" success="True" result="Success" executed="True" />
                </results>
              </test-suite>
              <test-suite type="TestFixture" name="Set-ModifiedACL.Error Handling and Recovery" executed="True" result="Success" success="True" time="0.6336" asserts="0" description="Set-ModifiedACL.Error Handling and Recovery">
                <results>
                  <test-case description="Should handle ACL application failures" name="Set-ModifiedACL.Error Handling and Recovery.Should handle ACL application failures" time="0.0637" asserts="0" success="True" result="Success" executed="True" />
                  <test-case description="Should handle backup creation failures gracefully" name="Set-ModifiedACL.Error Handling and Recovery.Should handle backup creation failures gracefully" time="0.0651" asserts="0" success="True" result="Success" executed="True" />
                  <test-case description="Should provide detailed error information" name="Set-ModifiedACL.Error Handling and Recovery.Should provide detailed error information" time="0.0572" asserts="0" success="True" result="Success" executed="True" />
                </results>
              </test-suite>
              <test-suite type="TestFixture" name="Set-ModifiedACL.Security and Validation" executed="True" result="Success" success="True" time="0.8556" asserts="0" description="Set-ModifiedACL.Security and Validation">
                <results>
                  <test-case description="Should validate path traversal attempts" name="Set-ModifiedACL.Security and Validation.Should validate path traversal attempts" time="0.0244" asserts="0" success="True" result="Success" executed="True" />
                  <test-case description="Should handle UNC paths appropriately" name="Set-ModifiedACL.Security and Validation.Should handle UNC paths appropriately" time="0.097" asserts="0" success="True" result="Success" executed="True" />
                  <test-case description="Should log operations with correlation ID" name="Set-ModifiedACL.Security and Validation.Should log operations with correlation ID" time="0.0936" asserts="0" success="True" result="Success" executed="True" />
                </results>
              </test-suite>
              <test-suite type="TestFixture" name="Set-ModifiedACL.Performance and Monitoring" executed="True" result="Success" success="True" time="1.0756" asserts="0" description="Set-ModifiedACL.Performance and Monitoring">
                <results>
                  <test-case description="Should track operation timing" name="Set-ModifiedACL.Performance and Monitoring.Should track operation timing" time="0.1004" asserts="0" success="True" result="Success" executed="True" />
                  <test-case description="Should provide comprehensive operation results" name="Set-ModifiedACL.Performance and Monitoring.Should provide comprehensive operation results" time="0.1127" asserts="0" success="True" result="Success" executed="True" />
                </results>
              </test-suite>
            </results>
          </test-suite>
        </results>
      </test-suite>
      <test-suite type="TestFixture" name="C:\temp\Find-UnknownSID\Tests\Unit\ActiveDirectory.Tests.ps1" executed="True" result="Failure" success="False" time="0.1021" asserts="0" description="C:\temp\Find-UnknownSID\Tests\Unit\ActiveDirectory.Tests.ps1">
        <results>
          <test-suite type="TestFixture" name="Get-ADObjectFromSearchBase" executed="True" result="Failure" success="False" time="0" asserts="0" description="Get-ADObjectFromSearchBase">
            <results>
              <test-suite type="TestFixture" name="Get-ADObjectFromSearchBase.Parameter Validation" executed="True" result="Failure" success="False" time="0" asserts="0" description="Get-ADObjectFromSearchBase.Parameter Validation">
                <results>
                  <test-case description="Should require SearchBase parameter" name="Get-ADObjectFromSearchBase.Parameter Validation.Should require SearchBase parameter" time="0" asserts="0" success="False" result="Failure" executed="True">
                    <failure>
                      <message>This test should run but it did not. Most likely a setup in some parent block failed.</message>
                      <stack-trace />
                    </failure>
                  </test-case>
                  <test-case description="Should require Filter parameter" name="Get-ADObjectFromSearchBase.Parameter Validation.Should require Filter parameter" time="0" asserts="0" success="False" result="Failure" executed="True">
                    <failure>
                      <message>This test should run but it did not. Most likely a setup in some parent block failed.</message>
                      <stack-trace />
                    </failure>
                  </test-case>
                  <test-case description="Should accept valid parameters" name="Get-ADObjectFromSearchBase.Parameter Validation.Should accept valid parameters" time="0" asserts="0" success="False" result="Failure" executed="True">
                    <failure>
                      <message>This test should run but it did not. Most likely a setup in some parent block failed.</message>
                      <stack-trace />
                    </failure>
                  </test-case>
                  <test-case description="Should validate DistinguishedName format for SearchBase" name="Get-ADObjectFromSearchBase.Parameter Validation.Should validate DistinguishedName format for SearchBase" time="0" asserts="0" success="False" result="Failure" executed="True">
                    <failure>
                      <message>This test should run but it did not. Most likely a setup in some parent block failed.</message>
                      <stack-trace />
                    </failure>
                  </test-case>
                  <test-case description="Should accept correlation ID parameter" name="Get-ADObjectFromSearchBase.Parameter Validation.Should accept correlation ID parameter" time="0" asserts="0" success="False" result="Failure" executed="True">
                    <failure>
                      <message>This test should run but it did not. Most likely a setup in some parent block failed.</message>
                      <stack-trace />
                    </failure>
                  </test-case>
                </results>
              </test-suite>
              <test-suite type="TestFixture" name="Get-ADObjectFromSearchBase.Core Functionality" executed="True" result="Failure" success="False" time="0" asserts="0" description="Get-ADObjectFromSearchBase.Core Functionality">
                <results>
                  <test-case description="Should call Get-ADObject with correct parameters" name="Get-ADObjectFromSearchBase.Core Functionality.Should call Get-ADObject with correct parameters" time="0" asserts="0" success="False" result="Failure" executed="True">
                    <failure>
                      <message>This test should run but it did not. Most likely a setup in some parent block failed.</message>
                      <stack-trace />
                    </failure>
                  </test-case>
                  <test-case description="Should handle empty search results gracefully" name="Get-ADObjectFromSearchBase.Core Functionality.Should handle empty search results gracefully" time="0" asserts="0" success="False" result="Failure" executed="True">
                    <failure>
                      <message>This test should run but it did not. Most likely a setup in some parent block failed.</message>
                      <stack-trace />
                    </failure>
                  </test-case>
                  <test-case description="Should return multiple objects when found" name="Get-ADObjectFromSearchBase.Core Functionality.Should return multiple objects when found" time="0" asserts="0" success="False" result="Failure" executed="True">
                    <failure>
                      <message>This test should run but it did not. Most likely a setup in some parent block failed.</message>
                      <stack-trace />
                    </failure>
                  </test-case>
                </results>
              </test-suite>
              <test-suite type="TestFixture" name="Get-ADObjectFromSearchBase.Error Handling" executed="True" result="Failure" success="False" time="0" asserts="0" description="Get-ADObjectFromSearchBase.Error Handling">
                <results>
                  <test-case description="Should handle Active Directory connection errors" name="Get-ADObjectFromSearchBase.Error Handling.Should handle Active Directory connection errors" time="0" asserts="0" success="False" result="Failure" executed="True">
                    <failure>
                      <message>This test should run but it did not. Most likely a setup in some parent block failed.</message>
                      <stack-trace />
                    </failure>
                  </test-case>
                  <test-case description="Should handle invalid search base errors" name="Get-ADObjectFromSearchBase.Error Handling.Should handle invalid search base errors" time="0" asserts="0" success="False" result="Failure" executed="True">
                    <failure>
                      <message>This test should run but it did not. Most likely a setup in some parent block failed.</message>
                      <stack-trace />
                    </failure>
                  </test-case>
                  <test-case description="Should handle authentication errors" name="Get-ADObjectFromSearchBase.Error Handling.Should handle authentication errors" time="0" asserts="0" success="False" result="Failure" executed="True">
                    <failure>
                      <message>This test should run but it did not. Most likely a setup in some parent block failed.</message>
                      <stack-trace />
                    </failure>
                  </test-case>
                </results>
              </test-suite>
              <test-suite type="TestFixture" name="Get-ADObjectFromSearchBase.Performance and Scalability" executed="True" result="Failure" success="False" time="0" asserts="0" description="Get-ADObjectFromSearchBase.Performance and Scalability">
                <results>
                  <test-case description="Should complete within acceptable time for small searches" name="Get-ADObjectFromSearchBase.Performance and Scalability.Should complete within acceptable time for small searches" time="0" asserts="0" success="False" result="Failure" executed="True">
                    <failure>
                      <message>This test should run but it did not. Most likely a setup in some parent block failed.</message>
                      <stack-trace />
                    </failure>
                  </test-case>
                  <test-case description="Should handle large result sets efficiently" name="Get-ADObjectFromSearchBase.Performance and Scalability.Should handle large result sets efficiently" time="0" asserts="0" success="False" result="Failure" executed="True">
                    <failure>
                      <message>This test should run but it did not. Most likely a setup in some parent block failed.</message>
                      <stack-trace />
                    </failure>
                  </test-case>
                </results>
              </test-suite>
              <test-suite type="TestFixture" name="Get-ADObjectFromSearchBase.Audit and Compliance" executed="True" result="Failure" success="False" time="0" asserts="0" description="Get-ADObjectFromSearchBase.Audit and Compliance">
                <results>
                  <test-case description="Should log search operations with correlation ID" name="Get-ADObjectFromSearchBase.Audit and Compliance.Should log search operations with correlation ID" time="0" asserts="0" success="False" result="Failure" executed="True">
                    <failure>
                      <message>This test should run but it did not. Most likely a setup in some parent block failed.</message>
                      <stack-trace />
                    </failure>
                  </test-case>
                  <test-case description="Should include search parameters in audit log" name="Get-ADObjectFromSearchBase.Audit and Compliance.Should include search parameters in audit log" time="0" asserts="0" success="False" result="Failure" executed="True">
                    <failure>
                      <message>This test should run but it did not. Most likely a setup in some parent block failed.</message>
                      <stack-trace />
                    </failure>
                  </test-case>
                </results>
              </test-suite>
            </results>
          </test-suite>
          <test-suite type="TestFixture" name="Get-ADObjectsSequential" executed="True" result="Failure" success="False" time="0" asserts="0" description="Get-ADObjectsSequential">
            <results>
              <test-suite type="TestFixture" name="Get-ADObjectsSequential.Parameter Validation" executed="True" result="Failure" success="False" time="0" asserts="0" description="Get-ADObjectsSequential.Parameter Validation">
                <results>
                  <test-case description="Should require ObjectList parameter" name="Get-ADObjectsSequential.Parameter Validation.Should require ObjectList parameter" time="0" asserts="0" success="False" result="Failure" executed="True">
                    <failure>
                      <message>This test should run but it did not. Most likely a setup in some parent block failed.</message>
                      <stack-trace />
                    </failure>
                  </test-case>
                  <test-case description="Should accept array of distinguished names" name="Get-ADObjectsSequential.Parameter Validation.Should accept array of distinguished names" time="0" asserts="0" success="False" result="Failure" executed="True">
                    <failure>
                      <message>This test should run but it did not. Most likely a setup in some parent block failed.</message>
                      <stack-trace />
                    </failure>
                  </test-case>
                  <test-case description="Should accept batch size parameter" name="Get-ADObjectsSequential.Parameter Validation.Should accept batch size parameter" time="0" asserts="0" success="False" result="Failure" executed="True">
                    <failure>
                      <message>This test should run but it did not. Most likely a setup in some parent block failed.</message>
                      <stack-trace />
                    </failure>
                  </test-case>
                  <test-case description="Should validate batch size is positive" name="Get-ADObjectsSequential.Parameter Validation.Should validate batch size is positive" time="0" asserts="0" success="False" result="Failure" executed="True">
                    <failure>
                      <message>This test should run but it did not. Most likely a setup in some parent block failed.</message>
                      <stack-trace />
                    </failure>
                  </test-case>
                </results>
              </test-suite>
              <test-suite type="TestFixture" name="Get-ADObjectsSequential.Core Functionality" executed="True" result="Failure" success="False" time="0" asserts="0" description="Get-ADObjectsSequential.Core Functionality">
                <results>
                  <test-case description="Should process objects in sequential batches" name="Get-ADObjectsSequential.Core Functionality.Should process objects in sequential batches" time="0" asserts="0" success="False" result="Failure" executed="True">
                    <failure>
                      <message>This test should run but it did not. Most likely a setup in some parent block failed.</message>
                      <stack-trace />
                    </failure>
                  </test-case>
                  <test-case description="Should handle empty object list" name="Get-ADObjectsSequential.Core Functionality.Should handle empty object list" time="0" asserts="0" success="False" result="Failure" executed="True">
                    <failure>
                      <message>This test should run but it did not. Most likely a setup in some parent block failed.</message>
                      <stack-trace />
                    </failure>
                  </test-case>
                  <test-case description="Should respect batch size limits" name="Get-ADObjectsSequential.Core Functionality.Should respect batch size limits" time="0" asserts="0" success="False" result="Failure" executed="True">
                    <failure>
                      <message>This test should run but it did not. Most likely a setup in some parent block failed.</message>
                      <stack-trace />
                    </failure>
                  </test-case>
                </results>
              </test-suite>
              <test-suite type="TestFixture" name="Get-ADObjectsSequential.Error Handling" executed="True" result="Failure" success="False" time="0" asserts="0" description="Get-ADObjectsSequential.Error Handling">
                <results>
                  <test-case description="Should handle individual object lookup failures" name="Get-ADObjectsSequential.Error Handling.Should handle individual object lookup failures" time="0" asserts="0" success="False" result="Failure" executed="True">
                    <failure>
                      <message>This test should run but it did not. Most likely a setup in some parent block failed.</message>
                      <stack-trace />
                    </failure>
                  </test-case>
                  <test-case description="Should continue processing after errors when specified" name="Get-ADObjectsSequential.Error Handling.Should continue processing after errors when specified" time="0" asserts="0" success="False" result="Failure" executed="True">
                    <failure>
                      <message>This test should run but it did not. Most likely a setup in some parent block failed.</message>
                      <stack-trace />
                    </failure>
                  </test-case>
                </results>
              </test-suite>
              <test-suite type="TestFixture" name="Get-ADObjectsSequential.Performance and Memory Management" executed="True" result="Failure" success="False" time="0" asserts="0" description="Get-ADObjectsSequential.Performance and Memory Management">
                <results>
                  <test-case description="Should use memory efficiently for large batches" name="Get-ADObjectsSequential.Performance and Memory Management.Should use memory efficiently for large batches" time="0" asserts="0" success="False" result="Failure" executed="True">
                    <failure>
                      <message>This test should run but it did not. Most likely a setup in some parent block failed.</message>
                      <stack-trace />
                    </failure>
                  </test-case>
                </results>
              </test-suite>
            </results>
          </test-suite>
          <test-suite type="TestFixture" name="Invoke-ADOperationWithRetry" executed="True" result="Failure" success="False" time="0" asserts="0" description="Invoke-ADOperationWithRetry">
            <results>
              <test-suite type="TestFixture" name="Invoke-ADOperationWithRetry.Parameter Validation" executed="True" result="Failure" success="False" time="0" asserts="0" description="Invoke-ADOperationWithRetry.Parameter Validation">
                <results>
                  <test-case description="Should require ScriptBlock parameter" name="Invoke-ADOperationWithRetry.Parameter Validation.Should require ScriptBlock parameter" time="0" asserts="0" success="False" result="Failure" executed="True">
                    <failure>
                      <message>This test should run but it did not. Most likely a setup in some parent block failed.</message>
                      <stack-trace />
                    </failure>
                  </test-case>
                  <test-case description="Should accept retry count parameter" name="Invoke-ADOperationWithRetry.Parameter Validation.Should accept retry count parameter" time="0" asserts="0" success="False" result="Failure" executed="True">
                    <failure>
                      <message>This test should run but it did not. Most likely a setup in some parent block failed.</message>
                      <stack-trace />
                    </failure>
                  </test-case>
                  <test-case description="Should validate retry count is non-negative" name="Invoke-ADOperationWithRetry.Parameter Validation.Should validate retry count is non-negative" time="0" asserts="0" success="False" result="Failure" executed="True">
                    <failure>
                      <message>This test should run but it did not. Most likely a setup in some parent block failed.</message>
                      <stack-trace />
                    </failure>
                  </test-case>
                  <test-case description="Should accept retry delay parameter" name="Invoke-ADOperationWithRetry.Parameter Validation.Should accept retry delay parameter" time="0" asserts="0" success="False" result="Failure" executed="True">
                    <failure>
                      <message>This test should run but it did not. Most likely a setup in some parent block failed.</message>
                      <stack-trace />
                    </failure>
                  </test-case>
                </results>
              </test-suite>
              <test-suite type="TestFixture" name="Invoke-ADOperationWithRetry.Core Functionality" executed="True" result="Failure" success="False" time="0" asserts="0" description="Invoke-ADOperationWithRetry.Core Functionality">
                <results>
                  <test-case description="Should execute script block successfully on first try" name="Invoke-ADOperationWithRetry.Core Functionality.Should execute script block successfully on first try" time="0" asserts="0" success="False" result="Failure" executed="True">
                    <failure>
                      <message>This test should run but it did not. Most likely a setup in some parent block failed.</message>
                      <stack-trace />
                    </failure>
                  </test-case>
                  <test-case description="Should retry on transient failures" name="Invoke-ADOperationWithRetry.Core Functionality.Should retry on transient failures" time="0" asserts="0" success="False" result="Failure" executed="True">
                    <failure>
                      <message>This test should run but it did not. Most likely a setup in some parent block failed.</message>
                      <stack-trace />
                    </failure>
                  </test-case>
                  <test-case description="Should fail after maximum retries exceeded" name="Invoke-ADOperationWithRetry.Core Functionality.Should fail after maximum retries exceeded" time="0" asserts="0" success="False" result="Failure" executed="True">
                    <failure>
                      <message>This test should run but it did not. Most likely a setup in some parent block failed.</message>
                      <stack-trace />
                    </failure>
                  </test-case>
                  <test-case description="Should implement exponential backoff delay" name="Invoke-ADOperationWithRetry.Core Functionality.Should implement exponential backoff delay" time="0" asserts="0" success="False" result="Failure" executed="True">
                    <failure>
                      <message>This test should run but it did not. Most likely a setup in some parent block failed.</message>
                      <stack-trace />
                    </failure>
                  </test-case>
                </results>
              </test-suite>
              <test-suite type="TestFixture" name="Invoke-ADOperationWithRetry.Error Classification" executed="True" result="Failure" success="False" time="0" asserts="0" description="Invoke-ADOperationWithRetry.Error Classification">
                <results>
                  <test-case description="Should retry on network errors" name="Invoke-ADOperationWithRetry.Error Classification.Should retry on network errors" time="0" asserts="0" success="False" result="Failure" executed="True">
                    <failure>
                      <message>This test should run but it did not. Most likely a setup in some parent block failed.</message>
                      <stack-trace />
                    </failure>
                  </test-case>
                  <test-case description="Should not retry on authentication errors" name="Invoke-ADOperationWithRetry.Error Classification.Should not retry on authentication errors" time="0" asserts="0" success="False" result="Failure" executed="True">
                    <failure>
                      <message>This test should run but it did not. Most likely a setup in some parent block failed.</message>
                      <stack-trace />
                    </failure>
                  </test-case>
                  <test-case description="Should not retry on object not found errors" name="Invoke-ADOperationWithRetry.Error Classification.Should not retry on object not found errors" time="0" asserts="0" success="False" result="Failure" executed="True">
                    <failure>
                      <message>This test should run but it did not. Most likely a setup in some parent block failed.</message>
                      <stack-trace />
                    </failure>
                  </test-case>
                </results>
              </test-suite>
              <test-suite type="TestFixture" name="Invoke-ADOperationWithRetry.Audit and Compliance" executed="True" result="Failure" success="False" time="0" asserts="0" description="Invoke-ADOperationWithRetry.Audit and Compliance">
                <results>
                  <test-case description="Should log retry attempts with correlation ID" name="Invoke-ADOperationWithRetry.Audit and Compliance.Should log retry attempts with correlation ID" time="0" asserts="0" success="False" result="Failure" executed="True">
                    <failure>
                      <message>This test should run but it did not. Most likely a setup in some parent block failed.</message>
                      <stack-trace />
                    </failure>
                  </test-case>
                </results>
              </test-suite>
            </results>
          </test-suite>
          <test-suite type="TestFixture" name="Test-ValidDistinguishedName" executed="True" result="Failure" success="False" time="0" asserts="0" description="Test-ValidDistinguishedName">
            <results>
              <test-suite type="TestFixture" name="Test-ValidDistinguishedName.Parameter Validation" executed="True" result="Failure" success="False" time="0" asserts="0" description="Test-ValidDistinguishedName.Parameter Validation">
                <results>
                  <test-case description="Should require DistinguishedName parameter" name="Test-ValidDistinguishedName.Parameter Validation.Should require DistinguishedName parameter" time="0" asserts="0" success="False" result="Failure" executed="True">
                    <failure>
                      <message>This test should run but it did not. Most likely a setup in some parent block failed.</message>
                      <stack-trace />
                    </failure>
                  </test-case>
                  <test-case description="Should accept string input" name="Test-ValidDistinguishedName.Parameter Validation.Should accept string input" time="0" asserts="0" success="False" result="Failure" executed="True">
                    <failure>
                      <message>This test should run but it did not. Most likely a setup in some parent block failed.</message>
                      <stack-trace />
                    </failure>
                  </test-case>
                  <test-case description="Should accept correlation ID parameter" name="Test-ValidDistinguishedName.Parameter Validation.Should accept correlation ID parameter" time="0" asserts="0" success="False" result="Failure" executed="True">
                    <failure>
                      <message>This test should run but it did not. Most likely a setup in some parent block failed.</message>
                      <stack-trace />
                    </failure>
                  </test-case>
                </results>
              </test-suite>
              <test-suite type="TestFixture" name="Test-ValidDistinguishedName.Valid Distinguished Name Formats" executed="True" result="Failure" success="False" time="0" asserts="0" description="Test-ValidDistinguishedName.Valid Distinguished Name Formats">
                <results>
                  <test-case description="Should validate standard user DN" name="Test-ValidDistinguishedName.Valid Distinguished Name Formats.Should validate standard user DN" time="0" asserts="0" success="False" result="Failure" executed="True">
                    <failure>
                      <message>This test should run but it did not. Most likely a setup in some parent block failed.</message>
                      <stack-trace />
                    </failure>
                  </test-case>
                  <test-case description="Should validate computer DN" name="Test-ValidDistinguishedName.Valid Distinguished Name Formats.Should validate computer DN" time="0" asserts="0" success="False" result="Failure" executed="True">
                    <failure>
                      <message>This test should run but it did not. Most likely a setup in some parent block failed.</message>
                      <stack-trace />
                    </failure>
                  </test-case>
                  <test-case description="Should validate group DN" name="Test-ValidDistinguishedName.Valid Distinguished Name Formats.Should validate group DN" time="0" asserts="0" success="False" result="Failure" executed="True">
                    <failure>
                      <message>This test should run but it did not. Most likely a setup in some parent block failed.</message>
                      <stack-trace />
                    </failure>
                  </test-case>
                  <test-case description="Should validate organizational unit DN" name="Test-ValidDistinguishedName.Valid Distinguished Name Formats.Should validate organizational unit DN" time="0" asserts="0" success="False" result="Failure" executed="True">
                    <failure>
                      <message>This test should run but it did not. Most likely a setup in some parent block failed.</message>
                      <stack-trace />
                    </failure>
                  </test-case>
                  <test-case description="Should validate complex DN with special characters" name="Test-ValidDistinguishedName.Valid Distinguished Name Formats.Should validate complex DN with special characters" time="0" asserts="0" success="False" result="Failure" executed="True">
                    <failure>
                      <message>This test should run but it did not. Most likely a setup in some parent block failed.</message>
                      <stack-trace />
                    </failure>
                  </test-case>
                </results>
              </test-suite>
              <test-suite type="TestFixture" name="Test-ValidDistinguishedName.Invalid Distinguished Name Formats" executed="True" result="Failure" success="False" time="0" asserts="0" description="Test-ValidDistinguishedName.Invalid Distinguished Name Formats">
                <results>
                  <test-case description="Should reject empty string" name="Test-ValidDistinguishedName.Invalid Distinguished Name Formats.Should reject empty string" time="0" asserts="0" success="False" result="Failure" executed="True">
                    <failure>
                      <message>This test should run but it did not. Most likely a setup in some parent block failed.</message>
                      <stack-trace />
                    </failure>
                  </test-case>
                  <test-case description="Should reject null value" name="Test-ValidDistinguishedName.Invalid Distinguished Name Formats.Should reject null value" time="0" asserts="0" success="False" result="Failure" executed="True">
                    <failure>
                      <message>This test should run but it did not. Most likely a setup in some parent block failed.</message>
                      <stack-trace />
                    </failure>
                  </test-case>
                  <test-case description="Should reject malformed DN without DC component" name="Test-ValidDistinguishedName.Invalid Distinguished Name Formats.Should reject malformed DN without DC component" time="0" asserts="0" success="False" result="Failure" executed="True">
                    <failure>
                      <message>This test should run but it did not. Most likely a setup in some parent block failed.</message>
                      <stack-trace />
                    </failure>
                  </test-case>
                  <test-case description="Should reject DN with invalid component separator" name="Test-ValidDistinguishedName.Invalid Distinguished Name Formats.Should reject DN with invalid component separator" time="0" asserts="0" success="False" result="Failure" executed="True">
                    <failure>
                      <message>This test should run but it did not. Most likely a setup in some parent block failed.</message>
                      <stack-trace />
                    </failure>
                  </test-case>
                  <test-case description="Should reject DN with missing component values" name="Test-ValidDistinguishedName.Invalid Distinguished Name Formats.Should reject DN with missing component values" time="0" asserts="0" success="False" result="Failure" executed="True">
                    <failure>
                      <message>This test should run but it did not. Most likely a setup in some parent block failed.</message>
                      <stack-trace />
                    </failure>
                  </test-case>
                  <test-case description="Should reject plain text that is not a DN" name="Test-ValidDistinguishedName.Invalid Distinguished Name Formats.Should reject plain text that is not a DN" time="0" asserts="0" success="False" result="Failure" executed="True">
                    <failure>
                      <message>This test should run but it did not. Most likely a setup in some parent block failed.</message>
                      <stack-trace />
                    </failure>
                  </test-case>
                </results>
              </test-suite>
              <test-suite type="TestFixture" name="Test-ValidDistinguishedName.Performance and Edge Cases" executed="True" result="Failure" success="False" time="0" asserts="0" description="Test-ValidDistinguishedName.Performance and Edge Cases">
                <results>
                  <test-case description="Should handle very long distinguished names" name="Test-ValidDistinguishedName.Performance and Edge Cases.Should handle very long distinguished names" time="0" asserts="0" success="False" result="Failure" executed="True">
                    <failure>
                      <message>This test should run but it did not. Most likely a setup in some parent block failed.</message>
                      <stack-trace />
                    </failure>
                  </test-case>
                  <test-case description="Should complete validation within acceptable time" name="Test-ValidDistinguishedName.Performance and Edge Cases.Should complete validation within acceptable time" time="0" asserts="0" success="False" result="Failure" executed="True">
                    <failure>
                      <message>This test should run but it did not. Most likely a setup in some parent block failed.</message>
                      <stack-trace />
                    </failure>
                  </test-case>
                </results>
              </test-suite>
              <test-suite type="TestFixture" name="Test-ValidDistinguishedName.Audit and Compliance" executed="True" result="Failure" success="False" time="0" asserts="0" description="Test-ValidDistinguishedName.Audit and Compliance">
                <results>
                  <test-case description="Should log validation attempts with correlation ID" name="Test-ValidDistinguishedName.Audit and Compliance.Should log validation attempts with correlation ID" time="0" asserts="0" success="False" result="Failure" executed="True">
                    <failure>
                      <message>This test should run but it did not. Most likely a setup in some parent block failed.</message>
                      <stack-trace />
                    </failure>
                  </test-case>
                  <test-case description="Should log validation results for audit trail" name="Test-ValidDistinguishedName.Audit and Compliance.Should log validation results for audit trail" time="0" asserts="0" success="False" result="Failure" executed="True">
                    <failure>
                      <message>This test should run but it did not. Most likely a setup in some parent block failed.</message>
                      <stack-trace />
                    </failure>
                  </test-case>
                </results>
              </test-suite>
            </results>
          </test-suite>
        </results>
      </test-suite>
      <test-suite type="TestFixture" name="C:\temp\Find-UnknownSID\Tests\Unit\Backup.Tests.ps1" executed="True" result="Failure" success="False" time="0.1132" asserts="0" description="C:\temp\Find-UnknownSID\Tests\Unit\Backup.Tests.ps1">
        <results>
          <test-suite type="TestFixture" name="Find-BackupFile" executed="True" result="Failure" success="False" time="0" asserts="0" description="Find-BackupFile">
            <results>
              <test-suite type="TestFixture" name="Find-BackupFile.Parameter Validation" executed="True" result="Failure" success="False" time="0" asserts="0" description="Find-BackupFile.Parameter Validation">
                <results>
                  <test-case description="Should require BackupPath parameter" name="Find-BackupFile.Parameter Validation.Should require BackupPath parameter" time="0" asserts="0" success="False" result="Failure" executed="True">
                    <failure>
                      <message>This test should run but it did not. Most likely a setup in some parent block failed.</message>
                      <stack-trace />
                    </failure>
                  </test-case>
                  <test-case description="Should require ObjectDistinguishedName parameter" name="Find-BackupFile.Parameter Validation.Should require ObjectDistinguishedName parameter" time="0" asserts="0" success="False" result="Failure" executed="True">
                    <failure>
                      <message>This test should run but it did not. Most likely a setup in some parent block failed.</message>
                      <stack-trace />
                    </failure>
                  </test-case>
                  <test-case description="Should accept valid parameters" name="Find-BackupFile.Parameter Validation.Should accept valid parameters" time="0" asserts="0" success="False" result="Failure" executed="True">
                    <failure>
                      <message>This test should run but it did not. Most likely a setup in some parent block failed.</message>
                      <stack-trace />
                    </failure>
                  </test-case>
                  <test-case description="Should validate backup path exists" name="Find-BackupFile.Parameter Validation.Should validate backup path exists" time="0" asserts="0" success="False" result="Failure" executed="True">
                    <failure>
                      <message>This test should run but it did not. Most likely a setup in some parent block failed.</message>
                      <stack-trace />
                    </failure>
                  </test-case>
                  <test-case description="Should accept correlation ID parameter" name="Find-BackupFile.Parameter Validation.Should accept correlation ID parameter" time="0" asserts="0" success="False" result="Failure" executed="True">
                    <failure>
                      <message>This test should run but it did not. Most likely a setup in some parent block failed.</message>
                      <stack-trace />
                    </failure>
                  </test-case>
                </results>
              </test-suite>
              <test-suite type="TestFixture" name="Find-BackupFile.Core Functionality" executed="True" result="Failure" success="False" time="0" asserts="0" description="Find-BackupFile.Core Functionality">
                <results>
                  <test-case description="Should find existing backup files" name="Find-BackupFile.Core Functionality.Should find existing backup files" time="0" asserts="0" success="False" result="Failure" executed="True">
                    <failure>
                      <message>This test should run but it did not. Most likely a setup in some parent block failed.</message>
                      <stack-trace />
                    </failure>
                  </test-case>
                  <test-case description="Should return empty array when no backups found" name="Find-BackupFile.Core Functionality.Should return empty array when no backups found" time="0" asserts="0" success="False" result="Failure" executed="True">
                    <failure>
                      <message>This test should run but it did not. Most likely a setup in some parent block failed.</message>
                      <stack-trace />
                    </failure>
                  </test-case>
                  <test-case description="Should filter files by distinguished name pattern" name="Find-BackupFile.Core Functionality.Should filter files by distinguished name pattern" time="0" asserts="0" success="False" result="Failure" executed="True">
                    <failure>
                      <message>This test should run but it did not. Most likely a setup in some parent block failed.</message>
                      <stack-trace />
                    </failure>
                  </test-case>
                  <test-case description="Should sort results by creation time descending" name="Find-BackupFile.Core Functionality.Should sort results by creation time descending" time="0" asserts="0" success="False" result="Failure" executed="True">
                    <failure>
                      <message>This test should run but it did not. Most likely a setup in some parent block failed.</message>
                      <stack-trace />
                    </failure>
                  </test-case>
                </results>
              </test-suite>
              <test-suite type="TestFixture" name="Find-BackupFile.Error Handling" executed="True" result="Failure" success="False" time="0" asserts="0" description="Find-BackupFile.Error Handling">
                <results>
                  <test-case description="Should handle file system access errors" name="Find-BackupFile.Error Handling.Should handle file system access errors" time="0" asserts="0" success="False" result="Failure" executed="True">
                    <failure>
                      <message>This test should run but it did not. Most likely a setup in some parent block failed.</message>
                      <stack-trace />
                    </failure>
                  </test-case>
                  <test-case description="Should handle network path unavailability" name="Find-BackupFile.Error Handling.Should handle network path unavailability" time="0" asserts="0" success="False" result="Failure" executed="True">
                    <failure>
                      <message>This test should run but it did not. Most likely a setup in some parent block failed.</message>
                      <stack-trace />
                    </failure>
                  </test-case>
                </results>
              </test-suite>
              <test-suite type="TestFixture" name="Find-BackupFile.Performance and Scalability" executed="True" result="Failure" success="False" time="0" asserts="0" description="Find-BackupFile.Performance and Scalability">
                <results>
                  <test-case description="Should handle large backup directories efficiently" name="Find-BackupFile.Performance and Scalability.Should handle large backup directories efficiently" time="0" asserts="0" success="False" result="Failure" executed="True">
                    <failure>
                      <message>This test should run but it did not. Most likely a setup in some parent block failed.</message>
                      <stack-trace />
                    </failure>
                  </test-case>
                </results>
              </test-suite>
              <test-suite type="TestFixture" name="Find-BackupFile.Audit and Compliance" executed="True" result="Failure" success="False" time="0" asserts="0" description="Find-BackupFile.Audit and Compliance">
                <results>
                  <test-case description="Should log backup search operations" name="Find-BackupFile.Audit and Compliance.Should log backup search operations" time="0" asserts="0" success="False" result="Failure" executed="True">
                    <failure>
                      <message>This test should run but it did not. Most likely a setup in some parent block failed.</message>
                      <stack-trace />
                    </failure>
                  </test-case>
                </results>
              </test-suite>
            </results>
          </test-suite>
          <test-suite type="TestFixture" name="Get-BackupMetadata" executed="True" result="Failure" success="False" time="0" asserts="0" description="Get-BackupMetadata">
            <results>
              <test-suite type="TestFixture" name="Get-BackupMetadata.Parameter Validation" executed="True" result="Failure" success="False" time="0" asserts="0" description="Get-BackupMetadata.Parameter Validation">
                <results>
                  <test-case description="Should require BackupFilePath parameter" name="Get-BackupMetadata.Parameter Validation.Should require BackupFilePath parameter" time="0" asserts="0" success="False" result="Failure" executed="True">
                    <failure>
                      <message>This test should run but it did not. Most likely a setup in some parent block failed.</message>
                      <stack-trace />
                    </failure>
                  </test-case>
                  <test-case description="Should validate backup file exists" name="Get-BackupMetadata.Parameter Validation.Should validate backup file exists" time="0" asserts="0" success="False" result="Failure" executed="True">
                    <failure>
                      <message>This test should run but it did not. Most likely a setup in some parent block failed.</message>
                      <stack-trace />
                    </failure>
                  </test-case>
                  <test-case description="Should accept valid file path" name="Get-BackupMetadata.Parameter Validation.Should accept valid file path" time="0" asserts="0" success="False" result="Failure" executed="True">
                    <failure>
                      <message>This test should run but it did not. Most likely a setup in some parent block failed.</message>
                      <stack-trace />
                    </failure>
                  </test-case>
                </results>
              </test-suite>
              <test-suite type="TestFixture" name="Get-BackupMetadata.Core Functionality" executed="True" result="Failure" success="False" time="0" asserts="0" description="Get-BackupMetadata.Core Functionality">
                <results>
                  <test-case description="Should extract metadata from XML backup files" name="Get-BackupMetadata.Core Functionality.Should extract metadata from XML backup files" time="0" asserts="0" success="False" result="Failure" executed="True">
                    <failure>
                      <message>This test should run but it did not. Most likely a setup in some parent block failed.</message>
                      <stack-trace />
                    </failure>
                  </test-case>
                  <test-case description="Should extract metadata from JSON backup files" name="Get-BackupMetadata.Core Functionality.Should extract metadata from JSON backup files" time="0" asserts="0" success="False" result="Failure" executed="True">
                    <failure>
                      <message>This test should run but it did not. Most likely a setup in some parent block failed.</message>
                      <stack-trace />
                    </failure>
                  </test-case>
                  <test-case description="Should handle missing metadata gracefully" name="Get-BackupMetadata.Core Functionality.Should handle missing metadata gracefully" time="0" asserts="0" success="False" result="Failure" executed="True">
                    <failure>
                      <message>This test should run but it did not. Most likely a setup in some parent block failed.</message>
                      <stack-trace />
                    </failure>
                  </test-case>
                </results>
              </test-suite>
              <test-suite type="TestFixture" name="Get-BackupMetadata.Error Handling" executed="True" result="Failure" success="False" time="0" asserts="0" description="Get-BackupMetadata.Error Handling">
                <results>
                  <test-case description="Should handle corrupted XML files" name="Get-BackupMetadata.Error Handling.Should handle corrupted XML files" time="0" asserts="0" success="False" result="Failure" executed="True">
                    <failure>
                      <message>This test should run but it did not. Most likely a setup in some parent block failed.</message>
                      <stack-trace />
                    </failure>
                  </test-case>
                  <test-case description="Should handle corrupted JSON files" name="Get-BackupMetadata.Error Handling.Should handle corrupted JSON files" time="0" asserts="0" success="False" result="Failure" executed="True">
                    <failure>
                      <message>This test should run but it did not. Most likely a setup in some parent block failed.</message>
                      <stack-trace />
                    </failure>
                  </test-case>
                  <test-case description="Should handle file access errors" name="Get-BackupMetadata.Error Handling.Should handle file access errors" time="0" asserts="0" success="False" result="Failure" executed="True">
                    <failure>
                      <message>This test should run but it did not. Most likely a setup in some parent block failed.</message>
                      <stack-trace />
                    </failure>
                  </test-case>
                </results>
              </test-suite>
              <test-suite type="TestFixture" name="Get-BackupMetadata.Audit and Compliance" executed="True" result="Failure" success="False" time="0" asserts="0" description="Get-BackupMetadata.Audit and Compliance">
                <results>
                  <test-case description="Should log metadata extraction operations" name="Get-BackupMetadata.Audit and Compliance.Should log metadata extraction operations" time="0" asserts="0" success="False" result="Failure" executed="True">
                    <failure>
                      <message>This test should run but it did not. Most likely a setup in some parent block failed.</message>
                      <stack-trace />
                    </failure>
                  </test-case>
                </results>
              </test-suite>
            </results>
          </test-suite>
          <test-suite type="TestFixture" name="New-ACLBackup" executed="True" result="Failure" success="False" time="0" asserts="0" description="New-ACLBackup">
            <results>
              <test-suite type="TestFixture" name="New-ACLBackup.Parameter Validation" executed="True" result="Failure" success="False" time="0" asserts="0" description="New-ACLBackup.Parameter Validation">
                <results>
                  <test-case description="Should require ObjectPath parameter" name="New-ACLBackup.Parameter Validation.Should require ObjectPath parameter" time="0" asserts="0" success="False" result="Failure" executed="True">
                    <failure>
                      <message>This test should run but it did not. Most likely a setup in some parent block failed.</message>
                      <stack-trace />
                    </failure>
                  </test-case>
                  <test-case description="Should require BackupPath parameter" name="New-ACLBackup.Parameter Validation.Should require BackupPath parameter" time="0" asserts="0" success="False" result="Failure" executed="True">
                    <failure>
                      <message>This test should run but it did not. Most likely a setup in some parent block failed.</message>
                      <stack-trace />
                    </failure>
                  </test-case>
                  <test-case description="Should accept valid parameters" name="New-ACLBackup.Parameter Validation.Should accept valid parameters" time="0" asserts="0" success="False" result="Failure" executed="True">
                    <failure>
                      <message>This test should run but it did not. Most likely a setup in some parent block failed.</message>
                      <stack-trace />
                    </failure>
                  </test-case>
                  <test-case description="Should validate backup directory exists or can be created" name="New-ACLBackup.Parameter Validation.Should validate backup directory exists or can be created" time="0" asserts="0" success="False" result="Failure" executed="True">
                    <failure>
                      <message>This test should run but it did not. Most likely a setup in some parent block failed.</message>
                      <stack-trace />
                    </failure>
                  </test-case>
                </results>
              </test-suite>
              <test-suite type="TestFixture" name="New-ACLBackup.Core Functionality" executed="True" result="Failure" success="False" time="0" asserts="0" description="New-ACLBackup.Core Functionality">
                <results>
                  <test-case description="Should create ACL backup successfully" name="New-ACLBackup.Core Functionality.Should create ACL backup successfully" time="0" asserts="0" success="False" result="Failure" executed="True">
                    <failure>
                      <message>This test should run but it did not. Most likely a setup in some parent block failed.</message>
                      <stack-trace />
                    </failure>
                  </test-case>
                  <test-case description="Should generate unique backup filenames" name="New-ACLBackup.Core Functionality.Should generate unique backup filenames" time="0" asserts="0" success="False" result="Failure" executed="True">
                    <failure>
                      <message>This test should run but it did not. Most likely a setup in some parent block failed.</message>
                      <stack-trace />
                    </failure>
                  </test-case>
                  <test-case description="Should include metadata in backup" name="New-ACLBackup.Core Functionality.Should include metadata in backup" time="0" asserts="0" success="False" result="Failure" executed="True">
                    <failure>
                      <message>This test should run but it did not. Most likely a setup in some parent block failed.</message>
                      <stack-trace />
                    </failure>
                  </test-case>
                  <test-case description="Should handle empty ACLs" name="New-ACLBackup.Core Functionality.Should handle empty ACLs" time="0" asserts="0" success="False" result="Failure" executed="True">
                    <failure>
                      <message>This test should run but it did not. Most likely a setup in some parent block failed.</message>
                      <stack-trace />
                    </failure>
                  </test-case>
                </results>
              </test-suite>
              <test-suite type="TestFixture" name="New-ACLBackup.Error Handling" executed="True" result="Failure" success="False" time="0" asserts="0" description="New-ACLBackup.Error Handling">
                <results>
                  <test-case description="Should handle ACL access denied errors" name="New-ACLBackup.Error Handling.Should handle ACL access denied errors" time="0" asserts="0" success="False" result="Failure" executed="True">
                    <failure>
                      <message>This test should run but it did not. Most likely a setup in some parent block failed.</message>
                      <stack-trace />
                    </failure>
                  </test-case>
                  <test-case description="Should handle backup file write errors" name="New-ACLBackup.Error Handling.Should handle backup file write errors" time="0" asserts="0" success="False" result="Failure" executed="True">
                    <failure>
                      <message>This test should run but it did not. Most likely a setup in some parent block failed.</message>
                      <stack-trace />
                    </failure>
                  </test-case>
                  <test-case description="Should handle invalid object paths" name="New-ACLBackup.Error Handling.Should handle invalid object paths" time="0" asserts="0" success="False" result="Failure" executed="True">
                    <failure>
                      <message>This test should run but it did not. Most likely a setup in some parent block failed.</message>
                      <stack-trace />
                    </failure>
                  </test-case>
                </results>
              </test-suite>
              <test-suite type="TestFixture" name="New-ACLBackup.Performance and Scalability" executed="True" result="Failure" success="False" time="0" asserts="0" description="New-ACLBackup.Performance and Scalability">
                <results>
                  <test-case description="Should complete backup within acceptable time" name="New-ACLBackup.Performance and Scalability.Should complete backup within acceptable time" time="0" asserts="0" success="False" result="Failure" executed="True">
                    <failure>
                      <message>This test should run but it did not. Most likely a setup in some parent block failed.</message>
                      <stack-trace />
                    </failure>
                  </test-case>
                  <test-case description="Should handle large ACLs efficiently" name="New-ACLBackup.Performance and Scalability.Should handle large ACLs efficiently" time="0" asserts="0" success="False" result="Failure" executed="True">
                    <failure>
                      <message>This test should run but it did not. Most likely a setup in some parent block failed.</message>
                      <stack-trace />
                    </failure>
                  </test-case>
                </results>
              </test-suite>
              <test-suite type="TestFixture" name="New-ACLBackup.Audit and Compliance" executed="True" result="Failure" success="False" time="0" asserts="0" description="New-ACLBackup.Audit and Compliance">
                <results>
                  <test-case description="Should log backup creation with correlation ID" name="New-ACLBackup.Audit and Compliance.Should log backup creation with correlation ID" time="0" asserts="0" success="False" result="Failure" executed="True">
                    <failure>
                      <message>This test should run but it did not. Most likely a setup in some parent block failed.</message>
                      <stack-trace />
                    </failure>
                  </test-case>
                  <test-case description="Should include security context in audit logs" name="New-ACLBackup.Audit and Compliance.Should include security context in audit logs" time="0" asserts="0" success="False" result="Failure" executed="True">
                    <failure>
                      <message>This test should run but it did not. Most likely a setup in some parent block failed.</message>
                      <stack-trace />
                    </failure>
                  </test-case>
                </results>
              </test-suite>
            </results>
          </test-suite>
          <test-suite type="TestFixture" name="Test-BackupIntegrity" executed="True" result="Failure" success="False" time="0" asserts="0" description="Test-BackupIntegrity">
            <results>
              <test-suite type="TestFixture" name="Test-BackupIntegrity.Parameter Validation" executed="True" result="Failure" success="False" time="0" asserts="0" description="Test-BackupIntegrity.Parameter Validation">
                <results>
                  <test-case description="Should require BackupFilePath parameter" name="Test-BackupIntegrity.Parameter Validation.Should require BackupFilePath parameter" time="0" asserts="0" success="False" result="Failure" executed="True">
                    <failure>
                      <message>This test should run but it did not. Most likely a setup in some parent block failed.</message>
                      <stack-trace />
                    </failure>
                  </test-case>
                  <test-case description="Should validate backup file exists" name="Test-BackupIntegrity.Parameter Validation.Should validate backup file exists" time="0" asserts="0" success="False" result="Failure" executed="True">
                    <failure>
                      <message>This test should run but it did not. Most likely a setup in some parent block failed.</message>
                      <stack-trace />
                    </failure>
                  </test-case>
                  <test-case description="Should accept valid file path" name="Test-BackupIntegrity.Parameter Validation.Should accept valid file path" time="0" asserts="0" success="False" result="Failure" executed="True">
                    <failure>
                      <message>This test should run but it did not. Most likely a setup in some parent block failed.</message>
                      <stack-trace />
                    </failure>
                  </test-case>
                </results>
              </test-suite>
              <test-suite type="TestFixture" name="Test-BackupIntegrity.Core Functionality" executed="True" result="Failure" success="False" time="0" asserts="0" description="Test-BackupIntegrity.Core Functionality">
                <results>
                  <test-case description="Should validate XML backup file structure" name="Test-BackupIntegrity.Core Functionality.Should validate XML backup file structure" time="0" asserts="0" success="False" result="Failure" executed="True">
                    <failure>
                      <message>This test should run but it did not. Most likely a setup in some parent block failed.</message>
                      <stack-trace />
                    </failure>
                  </test-case>
                  <test-case description="Should detect corrupted XML files" name="Test-BackupIntegrity.Core Functionality.Should detect corrupted XML files" time="0" asserts="0" success="False" result="Failure" executed="True">
                    <failure>
                      <message>This test should run but it did not. Most likely a setup in some parent block failed.</message>
                      <stack-trace />
                    </failure>
                  </test-case>
                  <test-case description="Should validate JSON backup file structure" name="Test-BackupIntegrity.Core Functionality.Should validate JSON backup file structure" time="0" asserts="0" success="False" result="Failure" executed="True">
                    <failure>
                      <message>This test should run but it did not. Most likely a setup in some parent block failed.</message>
                      <stack-trace />
                    </failure>
                  </test-case>
                  <test-case description="Should verify required metadata fields" name="Test-BackupIntegrity.Core Functionality.Should verify required metadata fields" time="0" asserts="0" success="False" result="Failure" executed="True">
                    <failure>
                      <message>This test should run but it did not. Most likely a setup in some parent block failed.</message>
                      <stack-trace />
                    </failure>
                  </test-case>
                  <test-case description="Should validate checksum if present" name="Test-BackupIntegrity.Core Functionality.Should validate checksum if present" time="0" asserts="0" success="False" result="Failure" executed="True">
                    <failure>
                      <message>This test should run but it did not. Most likely a setup in some parent block failed.</message>
                      <stack-trace />
                    </failure>
                  </test-case>
                </results>
              </test-suite>
[...]
                    <failure>
                      <message>This test should run but it did not. Most likely a setup in some parent block failed.</message>
                      <stack-trace />
                    </failure>
                  </test-case>
                  <test-case description="Should configure memory thresholds" name="Initialize-MemoryManager.Memory Manager Initialization.Should configure memory thresholds" time="0" asserts="0" success="False" result="Failure" executed="True">
                    <failure>
                      <message>This test should run but it did not. Most likely a setup in some parent block failed.</message>
                      <stack-trace />
                    </failure>
                  </test-case>
                  <test-case description="Should validate threshold parameters" name="Initialize-MemoryManager.Memory Manager Initialization.Should validate threshold parameters" time="0" asserts="0" success="False" result="Failure" executed="True">
                    <failure>
                      <message>This test should run but it did not. Most likely a setup in some parent block failed.</message>
                      <stack-trace />
                    </failure>
                  </test-case>
                  <test-case description="Should initialize monitoring timer" name="Initialize-MemoryManager.Memory Manager Initialization.Should initialize monitoring timer" time="0" asserts="0" success="False" result="Failure" executed="True">
                    <failure>
                      <message>This test should run but it did not. Most likely a setup in some parent block failed.</message>
                      <stack-trace />
                    </failure>
                  </test-case>
                </results>
              </test-suite>
              <test-suite type="TestFixture" name="Initialize-MemoryManager.Configuration Validation" executed="True" result="Failure" success="False" time="0" asserts="0" description="Initialize-MemoryManager.Configuration Validation">
                <results>
                  <test-case description="Should use default values when not specified" name="Initialize-MemoryManager.Configuration Validation.Should use default values when not specified" time="0" asserts="0" success="False" result="Failure" executed="True">
                    <failure>
                      <message>This test should run but it did not. Most likely a setup in some parent block failed.</message>
                      <stack-trace />
                    </failure>
                  </test-case>
                  <test-case description="Should validate monitoring interval" name="Initialize-MemoryManager.Configuration Validation.Should validate monitoring interval" time="0" asserts="0" success="False" result="Failure" executed="True">
                    <failure>
                      <message>This test should run but it did not. Most likely a setup in some parent block failed.</message>
                      <stack-trace />
                    </failure>
                  </test-case>
                </results>
              </test-suite>
            </results>
          </test-suite>
          <test-suite type="TestFixture" name="Invoke-GarbageCollection" executed="True" result="Failure" success="False" time="0" asserts="0" description="Invoke-GarbageCollection">
            <results>
              <test-suite type="TestFixture" name="Invoke-GarbageCollection.Garbage Collection Operations" executed="True" result="Failure" success="False" time="0" asserts="0" description="Invoke-GarbageCollection.Garbage Collection Operations">
                <results>
                  <test-case description="Should perform garbage collection" name="Invoke-GarbageCollection.Garbage Collection Operations.Should perform garbage collection" time="0" asserts="0" success="False" result="Failure" executed="True">
                    <failure>
                      <message>This test should run but it did not. Most likely a setup in some parent block failed.</message>
                      <stack-trace />
                    </failure>
                  </test-case>
                  <test-case description="Should force full collection when requested" name="Invoke-GarbageCollection.Garbage Collection Operations.Should force full collection when requested" time="0" asserts="0" success="False" result="Failure" executed="True">
                    <failure>
                      <message>This test should run but it did not. Most likely a setup in some parent block failed.</message>
                      <stack-trace />
                    </failure>
                  </test-case>
                  <test-case description="Should measure memory before and after collection" name="Invoke-GarbageCollection.Garbage Collection Operations.Should measure memory before and after collection" time="0" asserts="0" success="False" result="Failure" executed="True">
                    <failure>
                      <message>This test should run but it did not. Most likely a setup in some parent block failed.</message>
                      <stack-trace />
                    </failure>
                  </test-case>
                  <test-case description="Should include timing information" name="Invoke-GarbageCollection.Garbage Collection Operations.Should include timing information" time="0" asserts="0" success="False" result="Failure" executed="True">
                    <failure>
                      <message>This test should run but it did not. Most likely a setup in some parent block failed.</message>
                      <stack-trace />
                    </failure>
                  </test-case>
                </results>
              </test-suite>
              <test-suite type="TestFixture" name="Invoke-GarbageCollection.Collection Strategies" executed="True" result="Failure" success="False" time="0" asserts="0" description="Invoke-GarbageCollection.Collection Strategies">
                <results>
                  <test-case description="Should support generation-specific collection" name="Invoke-GarbageCollection.Collection Strategies.Should support generation-specific collection" time="0" asserts="0" success="False" result="Failure" executed="True">
                    <failure>
                      <message>This test should run but it did not. Most likely a setup in some parent block failed.</message>
                      <stack-trace />
                    </failure>
                  </test-case>
                  <test-case description="Should validate generation parameter" name="Invoke-GarbageCollection.Collection Strategies.Should validate generation parameter" time="0" asserts="0" success="False" result="Failure" executed="True">
                    <failure>
                      <message>This test should run but it did not. Most likely a setup in some parent block failed.</message>
                      <stack-trace />
                    </failure>
                  </test-case>
                </results>
              </test-suite>
            </results>
          </test-suite>
          <test-suite type="TestFixture" name="Invoke-MemoryMonitoring" executed="True" result="Failure" success="False" time="0" asserts="0" description="Invoke-MemoryMonitoring">
            <results>
              <test-suite type="TestFixture" name="Invoke-MemoryMonitoring.Memory Monitoring Operations" executed="True" result="Failure" success="False" time="0" asserts="0" description="Invoke-MemoryMonitoring.Memory Monitoring Operations">
                <results>
                  <test-case description="Should monitor memory usage and detect warnings" name="Invoke-MemoryMonitoring.Memory Monitoring Operations.Should monitor memory usage and detect warnings" time="0" asserts="0" success="False" result="Failure" executed="True">
                    <failure>
                      <message>This test should run but it did not. Most likely a setup in some parent block failed.</message>
                      <stack-trace />
                    </failure>
                  </test-case>
                  <test-case description="Should detect critical memory conditions" name="Invoke-MemoryMonitoring.Memory Monitoring Operations.Should detect critical memory conditions" time="0" asserts="0" success="False" result="Failure" executed="True">
                    <failure>
                      <message>This test should run but it did not. Most likely a setup in some parent block failed.</message>
                      <stack-trace />
                    </failure>
                  </test-case>
                  <test-case description="Should trigger automatic garbage collection on critical memory" name="Invoke-MemoryMonitoring.Memory Monitoring Operations.Should trigger automatic garbage collection on critical memory" time="0" asserts="0" success="False" result="Failure" executed="True">
                    <failure>
                      <message>This test should run but it did not. Most likely a setup in some parent block failed.</message>
                      <stack-trace />
                    </failure>
                  </test-case>
                </results>
              </test-suite>
              <test-suite type="TestFixture" name="Invoke-MemoryMonitoring.Alert Configuration" executed="True" result="Failure" success="False" time="0" asserts="0" description="Invoke-MemoryMonitoring.Alert Configuration">
                <results>
                  <test-case description="Should support custom alert actions" name="Invoke-MemoryMonitoring.Alert Configuration.Should support custom alert actions" time="0" asserts="0" success="False" result="Failure" executed="True">
                    <failure>
                      <message>This test should run but it did not. Most likely a setup in some parent block failed.</message>
                      <stack-trace />
                    </failure>
                  </test-case>
                </results>
              </test-suite>
            </results>
          </test-suite>
          <test-suite type="TestFixture" name="Invoke-ResourceDisposal" executed="True" result="Failure" success="False" time="0" asserts="0" description="Invoke-ResourceDisposal">
            <results>
              <test-suite type="TestFixture" name="Invoke-ResourceDisposal.Resource Disposal Operations" executed="True" result="Failure" success="False" time="0" asserts="0" description="Invoke-ResourceDisposal.Resource Disposal Operations">
                <results>
                  <test-case description="Should dispose individual objects" name="Invoke-ResourceDisposal.Resource Disposal Operations.Should dispose individual objects" time="0" asserts="0" success="False" result="Failure" executed="True">
                    <failure>
                      <message>This test should run but it did not. Most likely a setup in some parent block failed.</message>
                      <stack-trace />
                    </failure>
                  </test-case>
                  <test-case description="Should dispose multiple objects" name="Invoke-ResourceDisposal.Resource Disposal Operations.Should dispose multiple objects" time="0" asserts="0" success="False" result="Failure" executed="True">
                    <failure>
                      <message>This test should run but it did not. Most likely a setup in some parent block failed.</message>
                      <stack-trace />
                    </failure>
                  </test-case>
                  <test-case description="Should handle disposal failures gracefully" name="Invoke-ResourceDisposal.Resource Disposal Operations.Should handle disposal failures gracefully" time="0" asserts="0" success="False" result="Failure" executed="True">
                    <failure>
                      <message>This test should run but it did not. Most likely a setup in some parent block failed.</message>
                      <stack-trace />
                    </failure>
                  </test-case>
                  <test-case description="Should skip non-disposable objects" name="Invoke-ResourceDisposal.Resource Disposal Operations.Should skip non-disposable objects" time="0" asserts="0" success="False" result="Failure" executed="True">
                    <failure>
                      <message>This test should run but it did not. Most likely a setup in some parent block failed.</message>
                      <stack-trace />
                    </failure>
                  </test-case>
                </results>
              </test-suite>
              <test-suite type="TestFixture" name="Invoke-ResourceDisposal.Cleanup Strategies" executed="True" result="Failure" success="False" time="0" asserts="0" description="Invoke-ResourceDisposal.Cleanup Strategies">
                <results>
                  <test-case description="Should support force disposal mode" name="Invoke-ResourceDisposal.Cleanup Strategies.Should support force disposal mode" time="0" asserts="0" success="False" result="Failure" executed="True">
                    <failure>
                      <message>This test should run but it did not. Most likely a setup in some parent block failed.</message>
                      <stack-trace />
                    </failure>
                  </test-case>
                  <test-case description="Should validate disposal results" name="Invoke-ResourceDisposal.Cleanup Strategies.Should validate disposal results" time="0" asserts="0" success="False" result="Failure" executed="True">
                    <failure>
                      <message>This test should run but it did not. Most likely a setup in some parent block failed.</message>
                      <stack-trace />
                    </failure>
                  </test-case>
                </results>
              </test-suite>
            </results>
          </test-suite>
          <test-suite type="TestFixture" name="Write-StatusMessage" executed="True" result="Failure" success="False" time="0" asserts="0" description="Write-StatusMessage">
            <results>
              <test-suite type="TestFixture" name="Write-StatusMessage.Status Message Operations" executed="True" result="Failure" success="False" time="0" asserts="0" description="Write-StatusMessage.Status Message Operations">
                <results>
                  <test-case description="Should write informational status messages" name="Write-StatusMessage.Status Message Operations.Should write informational status messages" time="0" asserts="0" success="False" result="Failure" executed="True">
                    <failure>
                      <message>This test should run but it did not. Most likely a setup in some parent block failed.</message>
                      <stack-trace />
                    </failure>
                  </test-case>
                  <test-case description="Should write warning status messages" name="Write-StatusMessage.Status Message Operations.Should write warning status messages" time="0" asserts="0" success="False" result="Failure" executed="True">
                    <failure>
                      <message>This test should run but it did not. Most likely a setup in some parent block failed.</message>
                      <stack-trace />
                    </failure>
                  </test-case>
                  <test-case description="Should write error status messages" name="Write-StatusMessage.Status Message Operations.Should write error status messages" time="0" asserts="0" success="False" result="Failure" executed="True">
                    <failure>
                      <message>This test should run but it did not. Most likely a setup in some parent block failed.</message>
                      <stack-trace />
                    </failure>
                  </test-case>
                  <test-case description="Should support colored console output" name="Write-StatusMessage.Status Message Operations.Should support colored console output" time="0" asserts="0" success="False" result="Failure" executed="True">
                    <failure>
                      <message>This test should run but it did not. Most likely a setup in some parent block failed.</message>
                      <stack-trace />
                    </failure>
                  </test-case>
                  <test-case description="Should include correlation ID in messages" name="Write-StatusMessage.Status Message Operations.Should include correlation ID in messages" time="0" asserts="0" success="False" result="Failure" executed="True">
                    <failure>
                      <message>This test should run but it did not. Most likely a setup in some parent block failed.</message>
                      <stack-trace />
                    </failure>
                  </test-case>
                </results>
              </test-suite>
              <test-suite type="TestFixture" name="Write-StatusMessage.Message Formatting" executed="True" result="Failure" success="False" time="0" asserts="0" description="Write-StatusMessage.Message Formatting">
                <results>
                  <test-case description="Should format messages with timestamps" name="Write-StatusMessage.Message Formatting.Should format messages with timestamps" time="0" asserts="0" success="False" result="Failure" executed="True">
                    <failure>
                      <message>This test should run but it did not. Most likely a setup in some parent block failed.</message>
                      <stack-trace />
                    </failure>
                  </test-case>
                  <test-case description="Should support structured message data" name="Write-StatusMessage.Message Formatting.Should support structured message data" time="0" asserts="0" success="False" result="Failure" executed="True">
                    <failure>
                      <message>This test should run but it did not. Most likely a setup in some parent block failed.</message>
                      <stack-trace />
                    </failure>
                  </test-case>
                </results>
              </test-suite>
              <test-suite type="TestFixture" name="Write-StatusMessage.Validation and Error Handling" executed="True" result="Failure" success="False" time="0" asserts="0" description="Write-StatusMessage.Validation and Error Handling">
                <results>
                  <test-case description="Should validate message level parameter" name="Write-StatusMessage.Validation and Error Handling.Should validate message level parameter" time="0" asserts="0" success="False" result="Failure" executed="True">
                    <failure>
                      <message>This test should run but it did not. Most likely a setup in some parent block failed.</message>
                      <stack-trace />
                    </failure>
                  </test-case>
                  <test-case description="Should handle empty messages appropriately" name="Write-StatusMessage.Validation and Error Handling.Should handle empty messages appropriately" time="0" asserts="0" success="False" result="Failure" executed="True">
                    <failure>
                      <message>This test should run but it did not. Most likely a setup in some parent block failed.</message>
                      <stack-trace />
                    </failure>
                  </test-case>
                </results>
              </test-suite>
            </results>
          </test-suite>
        </results>
      </test-suite>
    </results>
  </test-suite>
</test-results>